{"C:\\Proyectos\\Repos\\VMRC-DWES\\t1\\ej19-functional-test\\ejercicios\\trabajoextra\\src\\app.js": {"path":"C:\\Proyectos\\Repos\\VMRC-DWES\\t1\\ej19-functional-test\\ejercicios\\trabajoextra\\src\\app.js","statementMap":{"0":{"start":{"line":7,"column":12},"end":{"line":7,"column":21}},"1":{"start":{"line":10,"column":0},"end":{"line":10,"column":24}},"2":{"start":{"line":11,"column":0},"end":{"line":15,"column":4}},"3":{"start":{"line":13,"column":26},"end":{"line":13,"column":53}},"4":{"start":{"line":18,"column":0},"end":{"line":18,"column":35}},"5":{"start":{"line":21,"column":0},"end":{"line":21,"column":22}}},"fnMap":{"0":{"name":"(anonymous_0)","decl":{"start":{"line":13,"column":15},"end":{"line":13,"column":16}},"loc":{"start":{"line":13,"column":26},"end":{"line":13,"column":53}},"line":13}},"branchMap":{},"s":{"0":1,"1":1,"2":1,"3":6,"4":1,"5":1},"f":{"0":6},"b":{},"_coverageSchema":"1a1c01bbd47fc00a2c39e90264f33305004495a9","hash":"89e0180ad48ae37c61bde22fdf868d56a186e296"}
,"C:\\Proyectos\\Repos\\VMRC-DWES\\t1\\ej19-functional-test\\ejercicios\\trabajoextra\\src\\controllers\\notas.controller.js": {"path":"C:\\Proyectos\\Repos\\VMRC-DWES\\t1\\ej19-functional-test\\ejercicios\\trabajoextra\\src\\controllers\\notas.controller.js","statementMap":{"0":{"start":{"line":4,"column":4},"end":{"line":4,"column":36}},"1":{"start":{"line":8,"column":17},"end":{"line":8,"column":52}},"2":{"start":{"line":9,"column":4},"end":{"line":9,"column":76}},"3":{"start":{"line":9,"column":15},"end":{"line":9,"column":76}},"4":{"start":{"line":10,"column":4},"end":{"line":10,"column":19}},"5":{"start":{"line":14,"column":18},"end":{"line":14,"column":47}},"6":{"start":{"line":15,"column":4},"end":{"line":15,"column":32}},"7":{"start":{"line":19,"column":17},"end":{"line":19,"column":61}},"8":{"start":{"line":20,"column":4},"end":{"line":20,"column":76}},"9":{"start":{"line":20,"column":15},"end":{"line":20,"column":76}},"10":{"start":{"line":21,"column":4},"end":{"line":21,"column":19}},"11":{"start":{"line":25,"column":15},"end":{"line":25,"column":49}},"12":{"start":{"line":26,"column":4},"end":{"line":26,"column":74}},"13":{"start":{"line":26,"column":13},"end":{"line":26,"column":74}},"14":{"start":{"line":27,"column":4},"end":{"line":27,"column":27}}},"fnMap":{"0":{"name":"getAll","decl":{"start":{"line":3,"column":16},"end":{"line":3,"column":22}},"loc":{"start":{"line":3,"column":33},"end":{"line":5,"column":1}},"line":3},"1":{"name":"getById","decl":{"start":{"line":7,"column":16},"end":{"line":7,"column":23}},"loc":{"start":{"line":7,"column":34},"end":{"line":11,"column":1}},"line":7},"2":{"name":"create","decl":{"start":{"line":13,"column":16},"end":{"line":13,"column":22}},"loc":{"start":{"line":13,"column":33},"end":{"line":16,"column":1}},"line":13},"3":{"name":"update","decl":{"start":{"line":18,"column":16},"end":{"line":18,"column":22}},"loc":{"start":{"line":18,"column":33},"end":{"line":22,"column":1}},"line":18},"4":{"name":"remove","decl":{"start":{"line":24,"column":16},"end":{"line":24,"column":22}},"loc":{"start":{"line":24,"column":33},"end":{"line":28,"column":1}},"line":24}},"branchMap":{"0":{"loc":{"start":{"line":9,"column":4},"end":{"line":9,"column":76}},"type":"if","locations":[{"start":{"line":9,"column":4},"end":{"line":9,"column":76}},{"start":{},"end":{}}],"line":9},"1":{"loc":{"start":{"line":20,"column":4},"end":{"line":20,"column":76}},"type":"if","locations":[{"start":{"line":20,"column":4},"end":{"line":20,"column":76}},{"start":{},"end":{}}],"line":20},"2":{"loc":{"start":{"line":26,"column":4},"end":{"line":26,"column":74}},"type":"if","locations":[{"start":{"line":26,"column":4},"end":{"line":26,"column":74}},{"start":{},"end":{}}],"line":26}},"s":{"0":1,"1":2,"2":2,"3":1,"4":1,"5":1,"6":1,"7":1,"8":1,"9":0,"10":1,"11":1,"12":1,"13":0,"14":1},"f":{"0":1,"1":2,"2":1,"3":1,"4":1},"b":{"0":[1,1],"1":[0,1],"2":[0,1]},"_coverageSchema":"1a1c01bbd47fc00a2c39e90264f33305004495a9","hash":"03e09b18a96f6ad635a7f85e71e96ea4d748273f"}
,"C:\\Proyectos\\Repos\\VMRC-DWES\\t1\\ej19-functional-test\\ejercicios\\trabajoextra\\src\\middlewares\\errorHandler.js": {"path":"C:\\Proyectos\\Repos\\VMRC-DWES\\t1\\ej19-functional-test\\ejercicios\\trabajoextra\\src\\middlewares\\errorHandler.js","statementMap":{"0":{"start":{"line":6,"column":4},"end":{"line":6,"column":70}},"1":{"start":{"line":9,"column":4},"end":{"line":11,"column":7}}},"fnMap":{"0":{"name":"errorHandler","decl":{"start":{"line":4,"column":24},"end":{"line":4,"column":36}},"loc":{"start":{"line":4,"column":58},"end":{"line":12,"column":1}},"line":4}},"branchMap":{"0":{"loc":{"start":{"line":9,"column":15},"end":{"line":9,"column":32}},"type":"binary-expr","locations":[{"start":{"line":9,"column":15},"end":{"line":9,"column":25}},{"start":{"line":9,"column":29},"end":{"line":9,"column":32}}],"line":9},"1":{"loc":{"start":{"line":10,"column":15},"end":{"line":10,"column":58}},"type":"binary-expr","locations":[{"start":{"line":10,"column":15},"end":{"line":10,"column":26}},{"start":{"line":10,"column":30},"end":{"line":10,"column":58}}],"line":10}},"s":{"0":0,"1":0},"f":{"0":0},"b":{"0":[0,0],"1":[0,0]},"_coverageSchema":"1a1c01bbd47fc00a2c39e90264f33305004495a9","hash":"36b92fb4478151d8b5cedb3b258ce0479e24d5a4"}
,"C:\\Proyectos\\Repos\\VMRC-DWES\\t1\\ej19-functional-test\\ejercicios\\trabajoextra\\src\\routes\\notas.routes.js": {"path":"C:\\Proyectos\\Repos\\VMRC-DWES\\t1\\ej19-functional-test\\ejercicios\\trabajoextra\\src\\routes\\notas.routes.js","statementMap":{"0":{"start":{"line":4,"column":15},"end":{"line":4,"column":23}},"1":{"start":{"line":6,"column":0},"end":{"line":6,"column":40}},"2":{"start":{"line":7,"column":0},"end":{"line":7,"column":44}},"3":{"start":{"line":8,"column":0},"end":{"line":8,"column":41}},"4":{"start":{"line":9,"column":0},"end":{"line":9,"column":43}},"5":{"start":{"line":10,"column":0},"end":{"line":10,"column":46}}},"fnMap":{},"branchMap":{},"s":{"0":1,"1":1,"2":1,"3":1,"4":1,"5":1},"f":{},"b":{},"_coverageSchema":"1a1c01bbd47fc00a2c39e90264f33305004495a9","hash":"ce65b475e820e48d90e7668b78928d325d58f91b"}
,"C:\\Proyectos\\Repos\\VMRC-DWES\\t1\\ej19-functional-test\\ejercicios\\trabajoextra\\src\\services\\notas.service.js": {"path":"C:\\Proyectos\\Repos\\VMRC-DWES\\t1\\ej19-functional-test\\ejercicios\\trabajoextra\\src\\services\\notas.service.js","statementMap":{"0":{"start":{"line":4,"column":4},"end":{"line":4,"column":25}},"1":{"start":{"line":8,"column":18},"end":{"line":8,"column":31}},"2":{"start":{"line":9,"column":4},"end":{"line":9,"column":39}},"3":{"start":{"line":9,"column":27},"end":{"line":9,"column":37}},"4":{"start":{"line":13,"column":18},"end":{"line":13,"column":31}},"5":{"start":{"line":14,"column":18},"end":{"line":14,"column":45}},"6":{"start":{"line":15,"column":4},"end":{"line":15,"column":22}},"7":{"start":{"line":16,"column":4},"end":{"line":16,"column":24}},"8":{"start":{"line":17,"column":4},"end":{"line":17,"column":17}},"9":{"start":{"line":21,"column":18},"end":{"line":21,"column":31}},"10":{"start":{"line":22,"column":18},"end":{"line":22,"column":50}},"11":{"start":{"line":22,"column":39},"end":{"line":22,"column":49}},"12":{"start":{"line":23,"column":4},"end":{"line":23,"column":34}},"13":{"start":{"line":23,"column":22},"end":{"line":23,"column":34}},"14":{"start":{"line":25,"column":4},"end":{"line":25,"column":48}},"15":{"start":{"line":26,"column":4},"end":{"line":26,"column":24}},"16":{"start":{"line":27,"column":4},"end":{"line":27,"column":24}},"17":{"start":{"line":31,"column":18},"end":{"line":31,"column":31}},"18":{"start":{"line":32,"column":19},"end":{"line":32,"column":48}},"19":{"start":{"line":32,"column":37},"end":{"line":32,"column":47}},"20":{"start":{"line":33,"column":4},"end":{"line":33,"column":53}},"21":{"start":{"line":33,"column":40},"end":{"line":33,"column":53}},"22":{"start":{"line":35,"column":4},"end":{"line":35,"column":25}},"23":{"start":{"line":36,"column":4},"end":{"line":36,"column":16}}},"fnMap":{"0":{"name":"getAll","decl":{"start":{"line":3,"column":16},"end":{"line":3,"column":22}},"loc":{"start":{"line":3,"column":25},"end":{"line":5,"column":1}},"line":3},"1":{"name":"getById","decl":{"start":{"line":7,"column":16},"end":{"line":7,"column":23}},"loc":{"start":{"line":7,"column":28},"end":{"line":10,"column":1}},"line":7},"2":{"name":"(anonymous_2)","decl":{"start":{"line":9,"column":22},"end":{"line":9,"column":23}},"loc":{"start":{"line":9,"column":27},"end":{"line":9,"column":37}},"line":9},"3":{"name":"create","decl":{"start":{"line":12,"column":16},"end":{"line":12,"column":22}},"loc":{"start":{"line":12,"column":29},"end":{"line":18,"column":1}},"line":12},"4":{"name":"update","decl":{"start":{"line":20,"column":16},"end":{"line":20,"column":22}},"loc":{"start":{"line":20,"column":33},"end":{"line":28,"column":1}},"line":20},"5":{"name":"(anonymous_5)","decl":{"start":{"line":22,"column":34},"end":{"line":22,"column":35}},"loc":{"start":{"line":22,"column":39},"end":{"line":22,"column":49}},"line":22},"6":{"name":"remove","decl":{"start":{"line":30,"column":16},"end":{"line":30,"column":22}},"loc":{"start":{"line":30,"column":27},"end":{"line":37,"column":1}},"line":30},"7":{"name":"(anonymous_7)","decl":{"start":{"line":32,"column":32},"end":{"line":32,"column":33}},"loc":{"start":{"line":32,"column":37},"end":{"line":32,"column":47}},"line":32}},"branchMap":{"0":{"loc":{"start":{"line":23,"column":4},"end":{"line":23,"column":34}},"type":"if","locations":[{"start":{"line":23,"column":4},"end":{"line":23,"column":34}},{"start":{},"end":{}}],"line":23},"1":{"loc":{"start":{"line":33,"column":4},"end":{"line":33,"column":53}},"type":"if","locations":[{"start":{"line":33,"column":4},"end":{"line":33,"column":53}},{"start":{},"end":{}}],"line":33}},"s":{"0":1,"1":2,"2":2,"3":9,"4":1,"5":1,"6":1,"7":1,"8":1,"9":1,"10":1,"11":5,"12":1,"13":0,"14":1,"15":1,"16":1,"17":1,"18":1,"19":5,"20":1,"21":0,"22":1,"23":1},"f":{"0":1,"1":2,"2":9,"3":1,"4":1,"5":5,"6":1,"7":5},"b":{"0":[0,1],"1":[0,1]},"_coverageSchema":"1a1c01bbd47fc00a2c39e90264f33305004495a9","hash":"1312f8a2cb50e1a860c6aa59d2991c10a4ea53ae"}
,"C:\\Proyectos\\Repos\\VMRC-DWES\\t1\\ej19-functional-test\\ejercicios\\trabajoextra\\src\\utils\\fileManager.js": {"path":"C:\\Proyectos\\Repos\\VMRC-DWES\\t1\\ej19-functional-test\\ejercicios\\trabajoextra\\src\\utils\\fileManager.js","statementMap":{"0":{"start":{"line":3,"column":13},"end":{"line":3,"column":36}},"1":{"start":{"line":6,"column":4},"end":{"line":11,"column":5}},"2":{"start":{"line":7,"column":21},"end":{"line":7,"column":50}},"3":{"start":{"line":8,"column":8},"end":{"line":8,"column":32}},"4":{"start":{"line":10,"column":8},"end":{"line":10,"column":18}},"5":{"start":{"line":15,"column":4},"end":{"line":15,"column":59}}},"fnMap":{"0":{"name":"cargarNotas","decl":{"start":{"line":5,"column":16},"end":{"line":5,"column":27}},"loc":{"start":{"line":5,"column":30},"end":{"line":12,"column":1}},"line":5},"1":{"name":"guardarNotas","decl":{"start":{"line":14,"column":16},"end":{"line":14,"column":28}},"loc":{"start":{"line":14,"column":36},"end":{"line":16,"column":1}},"line":14}},"branchMap":{},"s":{"0":1,"1":6,"2":6,"3":6,"4":0,"5":3},"f":{"0":6,"1":3},"b":{},"_coverageSchema":"1a1c01bbd47fc00a2c39e90264f33305004495a9","hash":"80a614fba1e2c2be3ee49637b0ce1878f71622fa"}
,"C:\\Proyectos\\Repos\\VMRC-DWES\\t1\\ej19-functional-test\\ejercicios\\trabajoextra\\src\\utils\\logger.js": {"path":"C:\\Proyectos\\Repos\\VMRC-DWES\\t1\\ej19-functional-test\\ejercicios\\trabajoextra\\src\\utils\\logger.js","statementMap":{"0":{"start":{"line":3,"column":49},"end":{"line":3,"column":63}},"1":{"start":{"line":6,"column":17},"end":{"line":8,"column":2}},"2":{"start":{"line":7,"column":4},"end":{"line":7,"column":49}},"3":{"start":{"line":10,"column":15},"end":{"line":22,"column":2}}},"fnMap":{"0":{"name":"(anonymous_0)","decl":{"start":{"line":6,"column":24},"end":{"line":6,"column":25}},"loc":{"start":{"line":6,"column":59},"end":{"line":8,"column":1}},"line":6}},"branchMap":{},"s":{"0":1,"1":1,"2":6,"3":1},"f":{"0":6},"b":{},"_coverageSchema":"1a1c01bbd47fc00a2c39e90264f33305004495a9","hash":"84c688e7326fd13d7170529ed7027ea8d9b90427"}
}
