<?xml version="1.0" encoding="UTF-8"?>
<coverage generated="1765471651311" clover="3.2.0">
  <project timestamp="1765471651312" name="All files">
    <metrics statements="145" coveredstatements="131" conditionals="135" coveredconditionals="108" methods="28" coveredmethods="27" elements="308" coveredelements="266" complexity="0" loc="145" ncloc="145" packages="4" files="5" classes="5"/>
    <package name="controllers">
      <metrics statements="52" coveredstatements="41" conditionals="36" coveredconditionals="30" methods="2" coveredmethods="2"/>
      <file name="auth.controller.js" path="C:\Proyectos\Repos\VMRC-DWES\t1\ej22-api-files\ejercicios\trabajoextra\src\controllers\auth.controller.js">
        <metrics statements="52" coveredstatements="41" conditionals="36" coveredconditionals="30" methods="2" coveredmethods="2"/>
        <line num="4" count="1" type="stmt"/>
        <line num="5" count="5" type="stmt"/>
        <line num="7" count="5" type="stmt"/>
        <line num="8" count="5" type="stmt"/>
        <line num="9" count="5" type="stmt"/>
        <line num="10" count="5" type="cond" truecount="2" falsecount="0"/>
        <line num="12" count="5" type="cond" truecount="4" falsecount="0"/>
        <line num="13" count="1" type="stmt"/>
        <line num="15" count="4" type="cond" truecount="5" falsecount="0"/>
        <line num="16" count="1" type="stmt"/>
        <line num="17" count="1" type="stmt"/>
        <line num="21" count="3" type="cond" truecount="1" falsecount="1"/>
        <line num="22" count="0" type="stmt"/>
        <line num="24" count="3" type="stmt"/>
        <line num="25" count="3" type="stmt"/>
        <line num="27" count="3" type="cond" truecount="4" falsecount="0"/>
        <line num="28" count="2" type="stmt"/>
        <line num="31" count="1" type="stmt"/>
        <line num="34" count="1" type="stmt"/>
        <line num="35" count="1" type="stmt"/>
        <line num="38" count="2" type="cond" truecount="1" falsecount="1"/>
        <line num="39" count="0" type="stmt"/>
        <line num="42" count="2" type="stmt"/>
        <line num="43" count="2" type="stmt"/>
        <line num="45" count="1" type="stmt"/>
        <line num="46" count="1" type="stmt"/>
        <line num="49" count="1" type="stmt"/>
        <line num="53" count="1" type="stmt"/>
        <line num="54" count="1" type="stmt"/>
        <line num="56" count="1" type="stmt"/>
        <line num="57" count="1" type="stmt"/>
        <line num="58" count="1" type="stmt"/>
        <line num="59" count="1" type="cond" truecount="2" falsecount="0"/>
        <line num="61" count="1" type="cond" truecount="3" falsecount="1"/>
        <line num="62" count="0" type="stmt"/>
        <line num="64" count="1" type="cond" truecount="4" falsecount="1"/>
        <line num="65" count="0" type="stmt"/>
        <line num="66" count="0" type="stmt"/>
        <line num="69" count="1" type="stmt"/>
        <line num="70" count="1" type="stmt"/>
        <line num="71" count="1" type="cond" truecount="3" falsecount="1"/>
        <line num="72" count="0" type="stmt"/>
        <line num="74" count="1" type="stmt"/>
        <line num="77" count="0" type="stmt"/>
        <line num="78" count="0" type="stmt"/>
        <line num="81" count="1" type="cond" truecount="1" falsecount="1"/>
        <line num="82" count="0" type="stmt"/>
        <line num="85" count="1" type="stmt"/>
        <line num="86" count="1" type="stmt"/>
        <line num="88" count="0" type="stmt"/>
        <line num="89" count="0" type="stmt"/>
        <line num="92" count="1" type="stmt"/>
      </file>
    </package>
    <package name="middlewares">
      <metrics statements="2" coveredstatements="2" conditionals="4" coveredconditionals="2" methods="1" coveredmethods="1"/>
      <file name="errorHandler.js" path="C:\Proyectos\Repos\VMRC-DWES\t1\ej22-api-files\ejercicios\trabajoextra\src\middlewares\errorHandler.js">
        <metrics statements="2" coveredstatements="2" conditionals="4" coveredconditionals="2" methods="1" coveredmethods="1"/>
        <line num="6" count="1" type="stmt"/>
        <line num="9" count="1" type="cond" truecount="1" falsecount="1"/>
      </file>
    </package>
    <package name="services">
      <metrics statements="81" coveredstatements="79" conditionals="95" coveredconditionals="76" methods="22" coveredmethods="22"/>
      <file name="notas.service.js" path="C:\Proyectos\Repos\VMRC-DWES\t1\ej22-api-files\ejercicios\trabajoextra\src\services\notas.service.js">
        <metrics statements="81" coveredstatements="79" conditionals="95" coveredconditionals="76" methods="22" coveredmethods="22"/>
        <line num="4" count="1" type="cond" truecount="2" falsecount="0"/>
        <line num="6" count="1" type="stmt"/>
        <line num="7" count="65" type="cond" truecount="5" falsecount="0"/>
        <line num="8" count="43" type="stmt"/>
        <line num="9" count="43" type="cond" truecount="1" falsecount="1"/>
        <line num="10" count="0" type="stmt"/>
        <line num="11" count="0" type="cond" truecount="0" falsecount="2"/>
        <line num="14" count="1" type="cond" truecount="0" falsecount="1"/>
        <line num="15" count="50" type="cond" truecount="2" falsecount="0"/>
        <line num="16" count="39" type="stmt"/>
        <line num="17" count="39" type="cond" truecount="1" falsecount="1"/>
        <line num="20" count="12" type="cond" truecount="3" falsecount="1"/>
        <line num="23" count="14" type="stmt"/>
        <line num="25" count="14" type="cond" truecount="4" falsecount="0"/>
        <line num="28" count="13" type="stmt"/>
        <line num="29" count="52" type="cond" truecount="2" falsecount="0"/>
        <line num="30" count="13" type="stmt"/>
        <line num="32" count="39" type="stmt"/>
        <line num="46" count="13" type="stmt"/>
        <line num="49" count="13" type="cond" truecount="2" falsecount="0"/>
        <line num="50" count="3" type="stmt"/>
        <line num="51" count="12" type="cond" truecount="1" falsecount="1"/>
        <line num="54" count="13" type="cond" truecount="2" falsecount="0"/>
        <line num="55" count="1" type="stmt"/>
        <line num="56" count="4" type="cond" truecount="2" falsecount="0"/>
        <line num="59" count="13" type="cond" truecount="4" falsecount="0"/>
        <line num="60" count="2" type="cond" truecount="2" falsecount="0"/>
        <line num="61" count="8" type="cond" truecount="2" falsecount="0"/>
        <line num="65" count="13" type="stmt"/>
        <line num="66" count="13" type="stmt"/>
        <line num="68" count="13" type="cond" truecount="4" falsecount="0"/>
        <line num="69" count="2" type="stmt"/>
        <line num="70" count="8" type="cond" truecount="1" falsecount="1"/>
        <line num="71" count="8" type="stmt"/>
        <line num="73" count="8" type="stmt"/>
        <line num="74" count="8" type="cond" truecount="1" falsecount="1"/>
        <line num="76" count="8" type="stmt"/>
        <line num="77" count="15" type="cond" truecount="4" falsecount="0"/>
        <line num="78" count="4" type="cond" truecount="4" falsecount="0"/>
        <line num="79" count="2" type="stmt"/>
        <line num="81" count="8" type="stmt"/>
        <line num="86" count="13" type="cond" truecount="2" falsecount="0"/>
        <line num="87" count="4" type="cond" truecount="2" falsecount="0"/>
        <line num="88" count="4" type="stmt"/>
        <line num="89" count="4" type="stmt"/>
        <line num="91" count="4" type="cond" truecount="2" falsecount="0"/>
        <line num="92" count="5" type="cond" truecount="2" falsecount="2"/>
        <line num="93" count="3" type="cond" truecount="2" falsecount="0"/>
        <line num="94" count="6" type="stmt"/>
        <line num="95" count="2" type="cond" truecount="2" falsecount="0"/>
        <line num="96" count="3" type="cond" truecount="2" falsecount="2"/>
        <line num="97" count="1" type="cond" truecount="2" falsecount="2"/>
        <line num="98" count="6" type="stmt"/>
        <line num="101" count="20" type="cond" truecount="1" falsecount="1"/>
        <line num="105" count="13" type="cond" truecount="1" falsecount="1"/>
        <line num="106" count="13" type="cond" truecount="1" falsecount="1"/>
        <line num="107" count="13" type="stmt"/>
        <line num="108" count="13" type="cond" truecount="2" falsecount="0"/>
        <line num="109" count="13" type="stmt"/>
        <line num="110" count="13" type="stmt"/>
        <line num="112" count="13" type="stmt"/>
        <line num="122" count="3" type="stmt"/>
        <line num="123" count="6" type="stmt"/>
        <line num="127" count="1" type="stmt"/>
        <line num="128" count="1" type="stmt"/>
        <line num="129" count="1" type="stmt"/>
        <line num="130" count="1" type="stmt"/>
        <line num="131" count="1" type="stmt"/>
        <line num="132" count="1" type="stmt"/>
        <line num="136" count="1" type="stmt"/>
        <line num="137" count="2" type="stmt"/>
        <line num="138" count="1" type="cond" truecount="1" falsecount="1"/>
        <line num="139" count="1" type="stmt"/>
        <line num="140" count="1" type="stmt"/>
        <line num="141" count="1" type="stmt"/>
        <line num="142" count="1" type="stmt"/>
        <line num="146" count="2" type="stmt"/>
        <line num="147" count="7" type="stmt"/>
        <line num="148" count="2" type="cond" truecount="2" falsecount="0"/>
        <line num="150" count="1" type="stmt"/>
        <line num="151" count="1" type="stmt"/>
      </file>
    </package>
    <package name="utils">
      <metrics statements="10" coveredstatements="9" conditionals="0" coveredconditionals="0" methods="3" coveredmethods="2"/>
      <file name="fileManager.js" path="C:\Proyectos\Repos\VMRC-DWES\t1\ej22-api-files\ejercicios\trabajoextra\src\utils\fileManager.js">
        <metrics statements="6" coveredstatements="6" conditionals="0" coveredconditionals="0" methods="2" coveredmethods="2"/>
        <line num="3" count="2" type="stmt"/>
        <line num="6" count="2" type="stmt"/>
        <line num="7" count="2" type="stmt"/>
        <line num="8" count="1" type="stmt"/>
        <line num="10" count="1" type="stmt"/>
        <line num="15" count="1" type="stmt"/>
      </file>
      <file name="logger.js" path="C:\Proyectos\Repos\VMRC-DWES\t1\ej22-api-files\ejercicios\trabajoextra\src\utils\logger.js">
        <metrics statements="4" coveredstatements="3" conditionals="0" coveredconditionals="0" methods="1" coveredmethods="0"/>
        <line num="3" count="1" type="stmt"/>
        <line num="6" count="1" type="stmt"/>
        <line num="7" count="0" type="stmt"/>
        <line num="10" count="1" type="stmt"/>
      </file>
    </package>
  </project>
</coverage>
