{"C:\\Users\\Usuario\\Documents\\VMRC-DWES\\t1\\ej22-api-files\\ejercicios\\trabajoextra\\src\\app.js": {"path":"C:\\Users\\Usuario\\Documents\\VMRC-DWES\\t1\\ej22-api-files\\ejercicios\\trabajoextra\\src\\app.js","statementMap":{"0":{"start":{"line":11,"column":12},"end":{"line":11,"column":21}},"1":{"start":{"line":14,"column":19},"end":{"line":14,"column":60}},"2":{"start":{"line":15,"column":0},"end":{"line":15,"column":36}},"3":{"start":{"line":16,"column":0},"end":{"line":16,"column":78}},"4":{"start":{"line":16,"column":27},"end":{"line":16,"column":76}},"5":{"start":{"line":19,"column":0},"end":{"line":19,"column":24}},"6":{"start":{"line":20,"column":0},"end":{"line":24,"column":4}},"7":{"start":{"line":22,"column":26},"end":{"line":22,"column":53}},"8":{"start":{"line":27,"column":0},"end":{"line":27,"column":35}},"9":{"start":{"line":28,"column":0},"end":{"line":28,"column":33}},"10":{"start":{"line":29,"column":0},"end":{"line":29,"column":35}},"11":{"start":{"line":32,"column":0},"end":{"line":32,"column":22}}},"fnMap":{"0":{"name":"(anonymous_0)","decl":{"start":{"line":16,"column":13},"end":{"line":16,"column":14}},"loc":{"start":{"line":16,"column":27},"end":{"line":16,"column":76}},"line":16},"1":{"name":"(anonymous_1)","decl":{"start":{"line":22,"column":15},"end":{"line":22,"column":16}},"loc":{"start":{"line":22,"column":26},"end":{"line":22,"column":53}},"line":22}},"branchMap":{},"s":{"0":2,"1":2,"2":2,"3":2,"4":0,"5":2,"6":2,"7":12,"8":2,"9":2,"10":2,"11":2},"f":{"0":0,"1":12},"b":{},"_coverageSchema":"1a1c01bbd47fc00a2c39e90264f33305004495a9","hash":"dbb29dcba6882d96cbabec9fd0caf5b30ded7cda"}
,"C:\\Users\\Usuario\\Documents\\VMRC-DWES\\t1\\ej22-api-files\\ejercicios\\trabajoextra\\src\\controllers\\auth.controller.js": {"path":"C:\\Users\\Usuario\\Documents\\VMRC-DWES\\t1\\ej22-api-files\\ejercicios\\trabajoextra\\src\\controllers\\auth.controller.js","statementMap":{"0":{"start":{"line":4,"column":21},"end":{"line":50,"column":1}},"1":{"start":{"line":5,"column":33},"end":{"line":5,"column":41}},"2":{"start":{"line":7,"column":20},"end":{"line":7,"column":42}},"3":{"start":{"line":8,"column":20},"end":{"line":8,"column":42}},"4":{"start":{"line":9,"column":20},"end":{"line":9,"column":42}},"5":{"start":{"line":10,"column":21},"end":{"line":10,"column":55}},"6":{"start":{"line":12,"column":2},"end":{"line":13,"column":61}},"7":{"start":{"line":13,"column":4},"end":{"line":13,"column":61}},"8":{"start":{"line":15,"column":2},"end":{"line":18,"column":3}},"9":{"start":{"line":16,"column":4},"end":{"line":16,"column":43}},"10":{"start":{"line":17,"column":4},"end":{"line":17,"column":84}},"11":{"start":{"line":21,"column":2},"end":{"line":22,"column":81}},"12":{"start":{"line":22,"column":4},"end":{"line":22,"column":81}},"13":{"start":{"line":24,"column":24},"end":{"line":24,"column":29}},"14":{"start":{"line":25,"column":2},"end":{"line":36,"column":3}},"15":{"start":{"line":27,"column":4},"end":{"line":32,"column":5}},"16":{"start":{"line":28,"column":6},"end":{"line":28,"column":66}},"17":{"start":{"line":31,"column":6},"end":{"line":31,"column":47}},"18":{"start":{"line":34,"column":4},"end":{"line":34,"column":56}},"19":{"start":{"line":35,"column":4},"end":{"line":35,"column":62}},"20":{"start":{"line":38,"column":2},"end":{"line":39,"column":81}},"21":{"start":{"line":39,"column":4},"end":{"line":39,"column":81}},"22":{"start":{"line":42,"column":2},"end":{"line":47,"column":3}},"23":{"start":{"line":43,"column":4},"end":{"line":43,"column":99}},"24":{"start":{"line":45,"column":4},"end":{"line":45,"column":46}},"25":{"start":{"line":46,"column":4},"end":{"line":46,"column":62}},"26":{"start":{"line":49,"column":2},"end":{"line":49,"column":79}},"27":{"start":{"line":53,"column":25},"end":{"line":93,"column":1}},"28":{"start":{"line":54,"column":33},"end":{"line":54,"column":41}},"29":{"start":{"line":56,"column":20},"end":{"line":56,"column":42}},"30":{"start":{"line":57,"column":20},"end":{"line":57,"column":42}},"31":{"start":{"line":58,"column":20},"end":{"line":58,"column":42}},"32":{"start":{"line":59,"column":21},"end":{"line":59,"column":55}},"33":{"start":{"line":61,"column":2},"end":{"line":62,"column":61}},"34":{"start":{"line":62,"column":4},"end":{"line":62,"column":61}},"35":{"start":{"line":64,"column":2},"end":{"line":67,"column":3}},"36":{"start":{"line":65,"column":4},"end":{"line":65,"column":43}},"37":{"start":{"line":66,"column":4},"end":{"line":66,"column":84}},"38":{"start":{"line":69,"column":24},"end":{"line":69,"column":29}},"39":{"start":{"line":70,"column":2},"end":{"line":79,"column":3}},"40":{"start":{"line":71,"column":4},"end":{"line":75,"column":5}},"41":{"start":{"line":72,"column":6},"end":{"line":72,"column":66}},"42":{"start":{"line":74,"column":6},"end":{"line":74,"column":47}},"43":{"start":{"line":77,"column":4},"end":{"line":77,"column":56}},"44":{"start":{"line":78,"column":4},"end":{"line":78,"column":62}},"45":{"start":{"line":81,"column":2},"end":{"line":82,"column":81}},"46":{"start":{"line":82,"column":4},"end":{"line":82,"column":81}},"47":{"start":{"line":85,"column":2},"end":{"line":90,"column":3}},"48":{"start":{"line":86,"column":4},"end":{"line":86,"column":99}},"49":{"start":{"line":88,"column":4},"end":{"line":88,"column":46}},"50":{"start":{"line":89,"column":4},"end":{"line":89,"column":62}},"51":{"start":{"line":92,"column":2},"end":{"line":92,"column":38}}},"fnMap":{"0":{"name":"(anonymous_0)","decl":{"start":{"line":4,"column":21},"end":{"line":4,"column":22}},"loc":{"start":{"line":4,"column":41},"end":{"line":50,"column":1}},"line":4},"1":{"name":"(anonymous_1)","decl":{"start":{"line":53,"column":25},"end":{"line":53,"column":26}},"loc":{"start":{"line":53,"column":45},"end":{"line":93,"column":1}},"line":53}},"branchMap":{"0":{"loc":{"start":{"line":10,"column":21},"end":{"line":10,"column":55}},"type":"binary-expr","locations":[{"start":{"line":10,"column":21},"end":{"line":10,"column":47}},{"start":{"line":10,"column":51},"end":{"line":10,"column":55}}],"line":10},"1":{"loc":{"start":{"line":12,"column":2},"end":{"line":13,"column":61}},"type":"if","locations":[{"start":{"line":12,"column":2},"end":{"line":13,"column":61}},{"start":{},"end":{}}],"line":12},"2":{"loc":{"start":{"line":12,"column":6},"end":{"line":12,"column":28}},"type":"binary-expr","locations":[{"start":{"line":12,"column":6},"end":{"line":12,"column":15}},{"start":{"line":12,"column":19},"end":{"line":12,"column":28}}],"line":12},"3":{"loc":{"start":{"line":15,"column":2},"end":{"line":18,"column":3}},"type":"if","locations":[{"start":{"line":15,"column":2},"end":{"line":18,"column":3}},{"start":{},"end":{}}],"line":15},"4":{"loc":{"start":{"line":15,"column":6},"end":{"line":15,"column":44}},"type":"binary-expr","locations":[{"start":{"line":15,"column":6},"end":{"line":15,"column":16}},{"start":{"line":15,"column":20},"end":{"line":15,"column":30}},{"start":{"line":15,"column":34},"end":{"line":15,"column":44}}],"line":15},"5":{"loc":{"start":{"line":21,"column":2},"end":{"line":22,"column":81}},"type":"if","locations":[{"start":{"line":21,"column":2},"end":{"line":22,"column":81}},{"start":{},"end":{}}],"line":21},"6":{"loc":{"start":{"line":27,"column":4},"end":{"line":32,"column":5}},"type":"if","locations":[{"start":{"line":27,"column":4},"end":{"line":32,"column":5}},{"start":{"line":29,"column":11},"end":{"line":32,"column":5}}],"line":27},"7":{"loc":{"start":{"line":27,"column":8},"end":{"line":27,"column":67}},"type":"binary-expr","locations":[{"start":{"line":27,"column":8},"end":{"line":27,"column":37}},{"start":{"line":27,"column":41},"end":{"line":27,"column":67}}],"line":27},"8":{"loc":{"start":{"line":38,"column":2},"end":{"line":39,"column":81}},"type":"if","locations":[{"start":{"line":38,"column":2},"end":{"line":39,"column":81}},{"start":{},"end":{}}],"line":38},"9":{"loc":{"start":{"line":59,"column":21},"end":{"line":59,"column":55}},"type":"binary-expr","locations":[{"start":{"line":59,"column":21},"end":{"line":59,"column":47}},{"start":{"line":59,"column":51},"end":{"line":59,"column":55}}],"line":59},"10":{"loc":{"start":{"line":61,"column":2},"end":{"line":62,"column":61}},"type":"if","locations":[{"start":{"line":61,"column":2},"end":{"line":62,"column":61}},{"start":{},"end":{}}],"line":61},"11":{"loc":{"start":{"line":61,"column":6},"end":{"line":61,"column":28}},"type":"binary-expr","locations":[{"start":{"line":61,"column":6},"end":{"line":61,"column":15}},{"start":{"line":61,"column":19},"end":{"line":61,"column":28}}],"line":61},"12":{"loc":{"start":{"line":64,"column":2},"end":{"line":67,"column":3}},"type":"if","locations":[{"start":{"line":64,"column":2},"end":{"line":67,"column":3}},{"start":{},"end":{}}],"line":64},"13":{"loc":{"start":{"line":64,"column":6},"end":{"line":64,"column":44}},"type":"binary-expr","locations":[{"start":{"line":64,"column":6},"end":{"line":64,"column":16}},{"start":{"line":64,"column":20},"end":{"line":64,"column":30}},{"start":{"line":64,"column":34},"end":{"line":64,"column":44}}],"line":64},"14":{"loc":{"start":{"line":71,"column":4},"end":{"line":75,"column":5}},"type":"if","locations":[{"start":{"line":71,"column":4},"end":{"line":75,"column":5}},{"start":{"line":73,"column":11},"end":{"line":75,"column":5}}],"line":71},"15":{"loc":{"start":{"line":71,"column":8},"end":{"line":71,"column":67}},"type":"binary-expr","locations":[{"start":{"line":71,"column":8},"end":{"line":71,"column":37}},{"start":{"line":71,"column":41},"end":{"line":71,"column":67}}],"line":71},"16":{"loc":{"start":{"line":81,"column":2},"end":{"line":82,"column":81}},"type":"if","locations":[{"start":{"line":81,"column":2},"end":{"line":82,"column":81}},{"start":{},"end":{}}],"line":81}},"s":{"0":3,"1":10,"2":10,"3":10,"4":10,"5":10,"6":10,"7":2,"8":8,"9":1,"10":1,"11":7,"12":1,"13":6,"14":6,"15":6,"16":2,"17":4,"18":1,"19":1,"20":5,"21":1,"22":4,"23":4,"24":1,"25":1,"26":3,"27":3,"28":1,"29":1,"30":1,"31":1,"32":1,"33":1,"34":0,"35":1,"36":0,"37":0,"38":1,"39":1,"40":1,"41":0,"42":1,"43":0,"44":0,"45":1,"46":0,"47":1,"48":1,"49":0,"50":0,"51":1},"f":{"0":10,"1":1},"b":{"0":[10,10],"1":[2,8],"2":[10,8],"3":[1,7],"4":[8,7,7],"5":[1,6],"6":[2,4],"7":[6,6],"8":[1,4],"9":[1,1],"10":[0,1],"11":[1,1],"12":[0,1],"13":[1,1,1],"14":[0,1],"15":[1,1],"16":[0,1]},"_coverageSchema":"1a1c01bbd47fc00a2c39e90264f33305004495a9","hash":"e47e9565c6d3b6da13fa4288fe5dfceb40b70b35"}
,"C:\\Users\\Usuario\\Documents\\VMRC-DWES\\t1\\ej22-api-files\\ejercicios\\trabajoextra\\src\\controllers\\files.controller.js": {"path":"C:\\Users\\Usuario\\Documents\\VMRC-DWES\\t1\\ej22-api-files\\ejercicios\\trabajoextra\\src\\controllers\\files.controller.js","statementMap":{"0":{"start":{"line":4,"column":18},"end":{"line":4,"column":51}},"1":{"start":{"line":7,"column":2},"end":{"line":11,"column":3}},"2":{"start":{"line":8,"column":4},"end":{"line":8,"column":80}},"3":{"start":{"line":8,"column":35},"end":{"line":8,"column":80}},"4":{"start":{"line":15,"column":2},"end":{"line":39,"column":3}},"5":{"start":{"line":16,"column":4},"end":{"line":16,"column":16}},"6":{"start":{"line":18,"column":17},"end":{"line":32,"column":5}},"7":{"start":{"line":19,"column":20},"end":{"line":19,"column":22}},"8":{"start":{"line":20,"column":6},"end":{"line":30,"column":7}},"9":{"start":{"line":21,"column":21},"end":{"line":21,"column":42}},"10":{"start":{"line":22,"column":20},"end":{"line":22,"column":42}},"11":{"start":{"line":23,"column":21},"end":{"line":23,"column":38}},"12":{"start":{"line":24,"column":22},"end":{"line":24,"column":89}},"13":{"start":{"line":25,"column":8},"end":{"line":29,"column":9}},"14":{"start":{"line":26,"column":10},"end":{"line":26,"column":41}},"15":{"start":{"line":28,"column":10},"end":{"line":28,"column":92}},"16":{"start":{"line":31,"column":6},"end":{"line":31,"column":19}},"17":{"start":{"line":34,"column":20},"end":{"line":34,"column":39}},"18":{"start":{"line":35,"column":4},"end":{"line":35,"column":22}},"19":{"start":{"line":37,"column":4},"end":{"line":37,"column":42}},"20":{"start":{"line":38,"column":4},"end":{"line":38,"column":70}},"21":{"start":{"line":43,"column":2},"end":{"line":50,"column":3}},"22":{"start":{"line":44,"column":18},"end":{"line":44,"column":33}},"23":{"start":{"line":45,"column":19},"end":{"line":45,"column":83}},"24":{"start":{"line":45,"column":35},"end":{"line":45,"column":81}},"25":{"start":{"line":46,"column":4},"end":{"line":46,"column":87}},"26":{"start":{"line":48,"column":4},"end":{"line":48,"column":44}},"27":{"start":{"line":49,"column":4},"end":{"line":49,"column":63}},"28":{"start":{"line":54,"column":2},"end":{"line":75,"column":3}},"29":{"start":{"line":55,"column":4},"end":{"line":55,"column":16}},"30":{"start":{"line":57,"column":16},"end":{"line":57,"column":106}},"31":{"start":{"line":58,"column":17},"end":{"line":58,"column":40}},"32":{"start":{"line":60,"column":17},"end":{"line":60,"column":46}},"33":{"start":{"line":61,"column":16},"end":{"line":61,"column":60}},"34":{"start":{"line":62,"column":4},"end":{"line":62,"column":127}},"35":{"start":{"line":62,"column":71},"end":{"line":62,"column":127}},"36":{"start":{"line":63,"column":4},"end":{"line":63,"column":94}},"37":{"start":{"line":63,"column":30},"end":{"line":63,"column":94}},"38":{"start":{"line":65,"column":16},"end":{"line":65,"column":21}},"39":{"start":{"line":66,"column":4},"end":{"line":66,"column":143}},"40":{"start":{"line":66,"column":21},"end":{"line":66,"column":38}},"41":{"start":{"line":66,"column":40},"end":{"line":66,"column":112}},"42":{"start":{"line":66,"column":127},"end":{"line":66,"column":141}},"43":{"start":{"line":67,"column":4},"end":{"line":67,"column":79}},"44":{"start":{"line":67,"column":15},"end":{"line":67,"column":79}},"45":{"start":{"line":68,"column":25},"end":{"line":68,"column":44}},"46":{"start":{"line":69,"column":4},"end":{"line":71,"column":7}},"47":{"start":{"line":70,"column":6},"end":{"line":70,"column":52}},"48":{"start":{"line":70,"column":15},"end":{"line":70,"column":52}},"49":{"start":{"line":73,"column":4},"end":{"line":73,"column":45}},"50":{"start":{"line":74,"column":4},"end":{"line":74,"column":65}},"51":{"start":{"line":79,"column":2},"end":{"line":95,"column":3}},"52":{"start":{"line":80,"column":4},"end":{"line":80,"column":16}},"53":{"start":{"line":82,"column":16},"end":{"line":82,"column":126}},"54":{"start":{"line":83,"column":17},"end":{"line":83,"column":45}},"55":{"start":{"line":85,"column":16},"end":{"line":85,"column":60}},"56":{"start":{"line":86,"column":4},"end":{"line":86,"column":127}},"57":{"start":{"line":86,"column":71},"end":{"line":86,"column":127}},"58":{"start":{"line":87,"column":4},"end":{"line":87,"column":94}},"59":{"start":{"line":87,"column":30},"end":{"line":87,"column":94}},"60":{"start":{"line":89,"column":4},"end":{"line":89,"column":173}},"61":{"start":{"line":89,"column":21},"end":{"line":89,"column":38}},"62":{"start":{"line":89,"column":40},"end":{"line":89,"column":158}},"63":{"start":{"line":89,"column":102},"end":{"line":89,"column":158}},"64":{"start":{"line":90,"column":4},"end":{"line":90,"column":24}},"65":{"start":{"line":91,"column":4},"end":{"line":91,"column":45}},"66":{"start":{"line":93,"column":4},"end":{"line":93,"column":43}},"67":{"start":{"line":94,"column":4},"end":{"line":94,"column":62}}},"fnMap":{"0":{"name":"ensureDir","decl":{"start":{"line":6,"column":9},"end":{"line":6,"column":18}},"loc":{"start":{"line":6,"column":20},"end":{"line":12,"column":1}},"line":6},"1":{"name":"listFiles","decl":{"start":{"line":14,"column":16},"end":{"line":14,"column":25}},"loc":{"start":{"line":14,"column":35},"end":{"line":40,"column":1}},"line":14},"2":{"name":"(anonymous_2)","decl":{"start":{"line":18,"column":17},"end":{"line":18,"column":18}},"loc":{"start":{"line":18,"column":32},"end":{"line":32,"column":5}},"line":18},"3":{"name":"uploadFiles","decl":{"start":{"line":42,"column":16},"end":{"line":42,"column":27}},"loc":{"start":{"line":42,"column":37},"end":{"line":51,"column":1}},"line":42},"4":{"name":"(anonymous_4)","decl":{"start":{"line":45,"column":29},"end":{"line":45,"column":30}},"loc":{"start":{"line":45,"column":35},"end":{"line":45,"column":81}},"line":45},"5":{"name":"downloadFile","decl":{"start":{"line":53,"column":16},"end":{"line":53,"column":28}},"loc":{"start":{"line":53,"column":38},"end":{"line":76,"column":1}},"line":53},"6":{"name":"(anonymous_6)","decl":{"start":{"line":69,"column":44},"end":{"line":69,"column":45}},"loc":{"start":{"line":69,"column":51},"end":{"line":71,"column":5}},"line":69},"7":{"name":"deleteFile","decl":{"start":{"line":78,"column":16},"end":{"line":78,"column":26}},"loc":{"start":{"line":78,"column":36},"end":{"line":96,"column":1}},"line":78}},"branchMap":{"0":{"loc":{"start":{"line":8,"column":4},"end":{"line":8,"column":80}},"type":"if","locations":[{"start":{"line":8,"column":4},"end":{"line":8,"column":80}},{"start":{},"end":{}}],"line":8},"1":{"loc":{"start":{"line":24,"column":22},"end":{"line":24,"column":89}},"type":"cond-expr","locations":[{"start":{"line":24,"column":63},"end":{"line":24,"column":81}},{"start":{"line":24,"column":84},"end":{"line":24,"column":89}}],"line":24},"2":{"loc":{"start":{"line":25,"column":8},"end":{"line":29,"column":9}},"type":"if","locations":[{"start":{"line":25,"column":8},"end":{"line":29,"column":9}},{"start":{"line":27,"column":15},"end":{"line":29,"column":9}}],"line":25},"3":{"loc":{"start":{"line":44,"column":18},"end":{"line":44,"column":33}},"type":"binary-expr","locations":[{"start":{"line":44,"column":18},"end":{"line":44,"column":27}},{"start":{"line":44,"column":31},"end":{"line":44,"column":33}}],"line":44},"4":{"loc":{"start":{"line":57,"column":16},"end":{"line":57,"column":106}},"type":"binary-expr","locations":[{"start":{"line":57,"column":17},"end":{"line":57,"column":26}},{"start":{"line":57,"column":30},"end":{"line":57,"column":44}},{"start":{"line":57,"column":49},"end":{"line":57,"column":62}},{"start":{"line":57,"column":66},"end":{"line":57,"column":81}},{"start":{"line":57,"column":85},"end":{"line":57,"column":100}},{"start":{"line":57,"column":104},"end":{"line":57,"column":106}}],"line":57},"5":{"loc":{"start":{"line":62,"column":4},"end":{"line":62,"column":127}},"type":"if","locations":[{"start":{"line":62,"column":4},"end":{"line":62,"column":127}},{"start":{},"end":{}}],"line":62},"6":{"loc":{"start":{"line":62,"column":8},"end":{"line":62,"column":69}},"type":"binary-expr","locations":[{"start":{"line":62,"column":8},"end":{"line":62,"column":12}},{"start":{"line":62,"column":16},"end":{"line":62,"column":36}},{"start":{"line":62,"column":40},"end":{"line":62,"column":69}}],"line":62},"7":{"loc":{"start":{"line":63,"column":4},"end":{"line":63,"column":94}},"type":"if","locations":[{"start":{"line":63,"column":4},"end":{"line":63,"column":94}},{"start":{},"end":{}}],"line":63},"8":{"loc":{"start":{"line":66,"column":48},"end":{"line":66,"column":111}},"type":"cond-expr","locations":[{"start":{"line":66,"column":87},"end":{"line":66,"column":103}},{"start":{"line":66,"column":106},"end":{"line":66,"column":111}}],"line":66},"9":{"loc":{"start":{"line":67,"column":4},"end":{"line":67,"column":79}},"type":"if","locations":[{"start":{"line":67,"column":4},"end":{"line":67,"column":79}},{"start":{},"end":{}}],"line":67},"10":{"loc":{"start":{"line":70,"column":6},"end":{"line":70,"column":52}},"type":"if","locations":[{"start":{"line":70,"column":6},"end":{"line":70,"column":52}},{"start":{},"end":{}}],"line":70},"11":{"loc":{"start":{"line":82,"column":35},"end":{"line":82,"column":125}},"type":"binary-expr","locations":[{"start":{"line":82,"column":36},"end":{"line":82,"column":45}},{"start":{"line":82,"column":49},"end":{"line":82,"column":63}},{"start":{"line":82,"column":68},"end":{"line":82,"column":81}},{"start":{"line":82,"column":85},"end":{"line":82,"column":100}},{"start":{"line":82,"column":104},"end":{"line":82,"column":119}},{"start":{"line":82,"column":123},"end":{"line":82,"column":125}}],"line":82},"12":{"loc":{"start":{"line":86,"column":4},"end":{"line":86,"column":127}},"type":"if","locations":[{"start":{"line":86,"column":4},"end":{"line":86,"column":127}},{"start":{},"end":{}}],"line":86},"13":{"loc":{"start":{"line":86,"column":8},"end":{"line":86,"column":69}},"type":"binary-expr","locations":[{"start":{"line":86,"column":8},"end":{"line":86,"column":12}},{"start":{"line":86,"column":16},"end":{"line":86,"column":36}},{"start":{"line":86,"column":40},"end":{"line":86,"column":69}}],"line":86},"14":{"loc":{"start":{"line":87,"column":4},"end":{"line":87,"column":94}},"type":"if","locations":[{"start":{"line":87,"column":4},"end":{"line":87,"column":94}},{"start":{},"end":{}}],"line":87},"15":{"loc":{"start":{"line":89,"column":40},"end":{"line":89,"column":158}},"type":"if","locations":[{"start":{"line":89,"column":40},"end":{"line":89,"column":158}},{"start":{},"end":{}}],"line":89},"16":{"loc":{"start":{"line":89,"column":44},"end":{"line":89,"column":100}},"type":"binary-expr","locations":[{"start":{"line":89,"column":44},"end":{"line":89,"column":80}},{"start":{"line":89,"column":84},"end":{"line":89,"column":100}}],"line":89}},"s":{"0":3,"1":5,"2":5,"3":2,"4":1,"5":1,"6":1,"7":1,"8":1,"9":1,"10":1,"11":1,"12":1,"13":1,"14":0,"15":1,"16":1,"17":1,"18":1,"19":0,"20":0,"21":1,"22":1,"23":1,"24":1,"25":1,"26":0,"27":0,"28":2,"29":2,"30":2,"31":2,"32":2,"33":2,"34":2,"35":0,"36":2,"37":1,"38":1,"39":1,"40":1,"41":0,"42":1,"43":1,"44":0,"45":1,"46":1,"47":1,"48":0,"49":0,"50":0,"51":2,"52":2,"53":2,"54":2,"55":2,"56":2,"57":0,"58":2,"59":1,"60":1,"61":1,"62":0,"63":0,"64":1,"65":1,"66":0,"67":0},"f":{"0":5,"1":1,"2":1,"3":1,"4":1,"5":2,"6":1,"7":2},"b":{"0":[2,3],"1":[0,1],"2":[0,1],"3":[1,0],"4":[2,0,2,2,0,0],"5":[0,2],"6":[2,2,2],"7":[1,1],"8":[0,0],"9":[0,1],"10":[0,1],"11":[2,0,2,2,0,0],"12":[0,2],"13":[2,2,2],"14":[1,1],"15":[0,0],"16":[0,0]},"_coverageSchema":"1a1c01bbd47fc00a2c39e90264f33305004495a9","hash":"629d7b3553927a110585424528936332296dd0d2"}
,"C:\\Users\\Usuario\\Documents\\VMRC-DWES\\t1\\ej22-api-files\\ejercicios\\trabajoextra\\src\\controllers\\notas.controller.js": {"path":"C:\\Users\\Usuario\\Documents\\VMRC-DWES\\t1\\ej22-api-files\\ejercicios\\trabajoextra\\src\\controllers\\notas.controller.js","statementMap":{"0":{"start":{"line":4,"column":17},"end":{"line":4,"column":95}},"1":{"start":{"line":4,"column":24},"end":{"line":4,"column":95}},"2":{"start":{"line":7,"column":14},"end":{"line":7,"column":29}},"3":{"start":{"line":9,"column":4},"end":{"line":9,"column":76}},"4":{"start":{"line":9,"column":37},"end":{"line":9,"column":76}},"5":{"start":{"line":11,"column":20},"end":{"line":22,"column":5}},"6":{"start":{"line":24,"column":19},"end":{"line":24,"column":47}},"7":{"start":{"line":25,"column":4},"end":{"line":25,"column":21}},"8":{"start":{"line":29,"column":17},"end":{"line":29,"column":52}},"9":{"start":{"line":30,"column":4},"end":{"line":30,"column":76}},"10":{"start":{"line":30,"column":15},"end":{"line":30,"column":76}},"11":{"start":{"line":31,"column":4},"end":{"line":31,"column":19}},"12":{"start":{"line":35,"column":18},"end":{"line":35,"column":47}},"13":{"start":{"line":36,"column":4},"end":{"line":36,"column":32}},"14":{"start":{"line":40,"column":17},"end":{"line":40,"column":61}},"15":{"start":{"line":41,"column":4},"end":{"line":41,"column":76}},"16":{"start":{"line":41,"column":15},"end":{"line":41,"column":76}},"17":{"start":{"line":42,"column":4},"end":{"line":42,"column":19}},"18":{"start":{"line":46,"column":15},"end":{"line":46,"column":49}},"19":{"start":{"line":47,"column":4},"end":{"line":47,"column":74}},"20":{"start":{"line":47,"column":13},"end":{"line":47,"column":74}},"21":{"start":{"line":48,"column":4},"end":{"line":48,"column":27}},"22":{"start":{"line":53,"column":18},"end":{"line":53,"column":33}},"23":{"start":{"line":54,"column":4},"end":{"line":54,"column":92}},"24":{"start":{"line":54,"column":23},"end":{"line":54,"column":92}},"25":{"start":{"line":56,"column":20},"end":{"line":56,"column":22}},"26":{"start":{"line":57,"column":4},"end":{"line":73,"column":5}},"27":{"start":{"line":58,"column":21},"end":{"line":58,"column":53}},"28":{"start":{"line":59,"column":8},"end":{"line":59,"column":60}},"29":{"start":{"line":59,"column":51},"end":{"line":59,"column":60}},"30":{"start":{"line":60,"column":21},"end":{"line":60,"column":62}},"31":{"start":{"line":62,"column":22},"end":{"line":62,"column":26}},"32":{"start":{"line":63,"column":8},"end":{"line":68,"column":9}},"33":{"start":{"line":64,"column":12},"end":{"line":64,"column":39}},"34":{"start":{"line":67,"column":12},"end":{"line":67,"column":80}},"35":{"start":{"line":71,"column":22},"end":{"line":71,"column":50}},"36":{"start":{"line":72,"column":8},"end":{"line":72,"column":28}},"37":{"start":{"line":75,"column":4},"end":{"line":75,"column":110}},"38":{"start":{"line":75,"column":25},"end":{"line":75,"column":110}},"39":{"start":{"line":76,"column":4},"end":{"line":76,"column":71}},"40":{"start":{"line":81,"column":14},"end":{"line":81,"column":29}},"41":{"start":{"line":82,"column":20},"end":{"line":93,"column":5}},"42":{"start":{"line":95,"column":19},"end":{"line":95,"column":47}},"43":{"start":{"line":97,"column":18},"end":{"line":97,"column":71}},"44":{"start":{"line":98,"column":4},"end":{"line":98,"column":92}},"45":{"start":{"line":98,"column":23},"end":{"line":98,"column":92}},"46":{"start":{"line":100,"column":4},"end":{"line":107,"column":5}},"47":{"start":{"line":101,"column":21},"end":{"line":101,"column":29}},"48":{"start":{"line":102,"column":25},"end":{"line":102,"column":81}},"49":{"start":{"line":103,"column":24},"end":{"line":103,"column":53}},"50":{"start":{"line":104,"column":8},"end":{"line":104,"column":66}},"51":{"start":{"line":105,"column":8},"end":{"line":105,"column":88}},"52":{"start":{"line":106,"column":8},"end":{"line":106,"column":33}},"53":{"start":{"line":110,"column":4},"end":{"line":110,"column":53}},"54":{"start":{"line":111,"column":4},"end":{"line":111,"column":84}},"55":{"start":{"line":113,"column":20},"end":{"line":113,"column":59}},"56":{"start":{"line":114,"column":4},"end":{"line":117,"column":7}},"57":{"start":{"line":115,"column":8},"end":{"line":115,"column":46}},"58":{"start":{"line":116,"column":8},"end":{"line":116,"column":52}},"59":{"start":{"line":116,"column":30},"end":{"line":116,"column":52}},"60":{"start":{"line":118,"column":4},"end":{"line":118,"column":22}},"61":{"start":{"line":120,"column":4},"end":{"line":124,"column":5}},"62":{"start":{"line":121,"column":22},"end":{"line":121,"column":88}},"63":{"start":{"line":122,"column":21},"end":{"line":122,"column":50}},"64":{"start":{"line":123,"column":8},"end":{"line":123,"column":46}},"65":{"start":{"line":126,"column":4},"end":{"line":126,"column":29}}},"fnMap":{"0":{"name":"(anonymous_0)","decl":{"start":{"line":4,"column":17},"end":{"line":4,"column":18}},"loc":{"start":{"line":4,"column":24},"end":{"line":4,"column":95}},"line":4},"1":{"name":"getAll","decl":{"start":{"line":6,"column":16},"end":{"line":6,"column":22}},"loc":{"start":{"line":6,"column":33},"end":{"line":26,"column":1}},"line":6},"2":{"name":"getById","decl":{"start":{"line":28,"column":16},"end":{"line":28,"column":23}},"loc":{"start":{"line":28,"column":34},"end":{"line":32,"column":1}},"line":28},"3":{"name":"create","decl":{"start":{"line":34,"column":16},"end":{"line":34,"column":22}},"loc":{"start":{"line":34,"column":33},"end":{"line":37,"column":1}},"line":34},"4":{"name":"update","decl":{"start":{"line":39,"column":16},"end":{"line":39,"column":22}},"loc":{"start":{"line":39,"column":33},"end":{"line":43,"column":1}},"line":39},"5":{"name":"remove","decl":{"start":{"line":45,"column":16},"end":{"line":45,"column":22}},"loc":{"start":{"line":45,"column":33},"end":{"line":49,"column":1}},"line":45},"6":{"name":"importNotes","decl":{"start":{"line":52,"column":22},"end":{"line":52,"column":33}},"loc":{"start":{"line":52,"column":44},"end":{"line":77,"column":1}},"line":52},"7":{"name":"exportNotes","decl":{"start":{"line":80,"column":22},"end":{"line":80,"column":33}},"loc":{"start":{"line":80,"column":44},"end":{"line":127,"column":1}},"line":80},"8":{"name":"(anonymous_8)","decl":{"start":{"line":114,"column":24},"end":{"line":114,"column":25}},"loc":{"start":{"line":114,"column":31},"end":{"line":117,"column":5}},"line":114}},"branchMap":{"0":{"loc":{"start":{"line":4,"column":24},"end":{"line":4,"column":95}},"type":"binary-expr","locations":[{"start":{"line":4,"column":24},"end":{"line":4,"column":85}},{"start":{"line":4,"column":89},"end":{"line":4,"column":95}}],"line":4},"1":{"loc":{"start":{"line":4,"column":31},"end":{"line":4,"column":38}},"type":"binary-expr","locations":[{"start":{"line":4,"column":31},"end":{"line":4,"column":32}},{"start":{"line":4,"column":36},"end":{"line":4,"column":38}}],"line":4},"2":{"loc":{"start":{"line":7,"column":14},"end":{"line":7,"column":29}},"type":"binary-expr","locations":[{"start":{"line":7,"column":14},"end":{"line":7,"column":23}},{"start":{"line":7,"column":27},"end":{"line":7,"column":29}}],"line":7},"3":{"loc":{"start":{"line":9,"column":4},"end":{"line":9,"column":76}},"type":"if","locations":[{"start":{"line":9,"column":4},"end":{"line":9,"column":76}},{"start":{},"end":{}}],"line":9},"4":{"loc":{"start":{"line":12,"column":21},"end":{"line":12,"column":45}},"type":"binary-expr","locations":[{"start":{"line":12,"column":21},"end":{"line":12,"column":28}},{"start":{"line":12,"column":32},"end":{"line":12,"column":45}}],"line":12},"5":{"loc":{"start":{"line":13,"column":23},"end":{"line":13,"column":51}},"type":"binary-expr","locations":[{"start":{"line":13,"column":23},"end":{"line":13,"column":32}},{"start":{"line":13,"column":36},"end":{"line":13,"column":51}}],"line":13},"6":{"loc":{"start":{"line":15,"column":15},"end":{"line":15,"column":33}},"type":"binary-expr","locations":[{"start":{"line":15,"column":15},"end":{"line":15,"column":22}},{"start":{"line":15,"column":26},"end":{"line":15,"column":33}}],"line":15},"7":{"loc":{"start":{"line":16,"column":18},"end":{"line":16,"column":38}},"type":"binary-expr","locations":[{"start":{"line":16,"column":18},"end":{"line":16,"column":24}},{"start":{"line":16,"column":28},"end":{"line":16,"column":38}}],"line":16},"8":{"loc":{"start":{"line":17,"column":16},"end":{"line":17,"column":32}},"type":"binary-expr","locations":[{"start":{"line":17,"column":16},"end":{"line":17,"column":20}},{"start":{"line":17,"column":24},"end":{"line":17,"column":32}}],"line":17},"9":{"loc":{"start":{"line":18,"column":16},"end":{"line":18,"column":47}},"type":"binary-expr","locations":[{"start":{"line":18,"column":16},"end":{"line":18,"column":24}},{"start":{"line":18,"column":28},"end":{"line":18,"column":34}},{"start":{"line":18,"column":38},"end":{"line":18,"column":47}}],"line":18},"10":{"loc":{"start":{"line":21,"column":17},"end":{"line":21,"column":40}},"type":"binary-expr","locations":[{"start":{"line":21,"column":17},"end":{"line":21,"column":26}},{"start":{"line":21,"column":30},"end":{"line":21,"column":40}}],"line":21},"11":{"loc":{"start":{"line":30,"column":4},"end":{"line":30,"column":76}},"type":"if","locations":[{"start":{"line":30,"column":4},"end":{"line":30,"column":76}},{"start":{},"end":{}}],"line":30},"12":{"loc":{"start":{"line":41,"column":4},"end":{"line":41,"column":76}},"type":"if","locations":[{"start":{"line":41,"column":4},"end":{"line":41,"column":76}},{"start":{},"end":{}}],"line":41},"13":{"loc":{"start":{"line":47,"column":4},"end":{"line":47,"column":74}},"type":"if","locations":[{"start":{"line":47,"column":4},"end":{"line":47,"column":74}},{"start":{},"end":{}}],"line":47},"14":{"loc":{"start":{"line":53,"column":18},"end":{"line":53,"column":33}},"type":"binary-expr","locations":[{"start":{"line":53,"column":18},"end":{"line":53,"column":27}},{"start":{"line":53,"column":31},"end":{"line":53,"column":33}}],"line":53},"15":{"loc":{"start":{"line":54,"column":4},"end":{"line":54,"column":92}},"type":"if","locations":[{"start":{"line":54,"column":4},"end":{"line":54,"column":92}},{"start":{},"end":{}}],"line":54},"16":{"loc":{"start":{"line":58,"column":21},"end":{"line":58,"column":53}},"type":"binary-expr","locations":[{"start":{"line":58,"column":21},"end":{"line":58,"column":35}},{"start":{"line":58,"column":39},"end":{"line":58,"column":53}}],"line":58},"17":{"loc":{"start":{"line":59,"column":8},"end":{"line":59,"column":60}},"type":"if","locations":[{"start":{"line":59,"column":8},"end":{"line":59,"column":60}},{"start":{},"end":{}}],"line":59},"18":{"loc":{"start":{"line":60,"column":21},"end":{"line":60,"column":62}},"type":"cond-expr","locations":[{"start":{"line":60,"column":32},"end":{"line":60,"column":57}},{"start":{"line":60,"column":60},"end":{"line":60,"column":62}}],"line":60},"19":{"loc":{"start":{"line":75,"column":4},"end":{"line":75,"column":110}},"type":"if","locations":[{"start":{"line":75,"column":4},"end":{"line":75,"column":110}},{"start":{},"end":{}}],"line":75},"20":{"loc":{"start":{"line":81,"column":14},"end":{"line":81,"column":29}},"type":"binary-expr","locations":[{"start":{"line":81,"column":14},"end":{"line":81,"column":23}},{"start":{"line":81,"column":27},"end":{"line":81,"column":29}}],"line":81},"21":{"loc":{"start":{"line":82,"column":20},"end":{"line":93,"column":5}},"type":"cond-expr","locations":[{"start":{"line":82,"column":50},"end":{"line":82,"column":54}},{"start":{"line":82,"column":57},"end":{"line":93,"column":5}}],"line":82},"22":{"loc":{"start":{"line":83,"column":21},"end":{"line":83,"column":45}},"type":"binary-expr","locations":[{"start":{"line":83,"column":21},"end":{"line":83,"column":28}},{"start":{"line":83,"column":32},"end":{"line":83,"column":45}}],"line":83},"23":{"loc":{"start":{"line":84,"column":23},"end":{"line":84,"column":51}},"type":"binary-expr","locations":[{"start":{"line":84,"column":23},"end":{"line":84,"column":32}},{"start":{"line":84,"column":36},"end":{"line":84,"column":51}}],"line":84},"24":{"loc":{"start":{"line":86,"column":15},"end":{"line":86,"column":33}},"type":"binary-expr","locations":[{"start":{"line":86,"column":15},"end":{"line":86,"column":22}},{"start":{"line":86,"column":26},"end":{"line":86,"column":33}}],"line":86},"25":{"loc":{"start":{"line":87,"column":18},"end":{"line":87,"column":38}},"type":"binary-expr","locations":[{"start":{"line":87,"column":18},"end":{"line":87,"column":24}},{"start":{"line":87,"column":28},"end":{"line":87,"column":38}}],"line":87},"26":{"loc":{"start":{"line":88,"column":16},"end":{"line":88,"column":32}},"type":"binary-expr","locations":[{"start":{"line":88,"column":16},"end":{"line":88,"column":20}},{"start":{"line":88,"column":24},"end":{"line":88,"column":32}}],"line":88},"27":{"loc":{"start":{"line":89,"column":16},"end":{"line":89,"column":47}},"type":"binary-expr","locations":[{"start":{"line":89,"column":16},"end":{"line":89,"column":24}},{"start":{"line":89,"column":28},"end":{"line":89,"column":34}},{"start":{"line":89,"column":38},"end":{"line":89,"column":47}}],"line":89},"28":{"loc":{"start":{"line":92,"column":17},"end":{"line":92,"column":40}},"type":"binary-expr","locations":[{"start":{"line":92,"column":17},"end":{"line":92,"column":26}},{"start":{"line":92,"column":30},"end":{"line":92,"column":40}}],"line":92},"29":{"loc":{"start":{"line":97,"column":18},"end":{"line":97,"column":71}},"type":"cond-expr","locations":[{"start":{"line":97,"column":42},"end":{"line":97,"column":48}},{"start":{"line":97,"column":52},"end":{"line":97,"column":70}}],"line":97},"30":{"loc":{"start":{"line":97,"column":52},"end":{"line":97,"column":70}},"type":"binary-expr","locations":[{"start":{"line":97,"column":52},"end":{"line":97,"column":64}},{"start":{"line":97,"column":68},"end":{"line":97,"column":70}}],"line":97},"31":{"loc":{"start":{"line":98,"column":4},"end":{"line":98,"column":92}},"type":"if","locations":[{"start":{"line":98,"column":4},"end":{"line":98,"column":92}},{"start":{},"end":{}}],"line":98},"32":{"loc":{"start":{"line":100,"column":4},"end":{"line":107,"column":5}},"type":"if","locations":[{"start":{"line":100,"column":4},"end":{"line":107,"column":5}},{"start":{},"end":{}}],"line":100},"33":{"loc":{"start":{"line":102,"column":25},"end":{"line":102,"column":81}},"type":"binary-expr","locations":[{"start":{"line":102,"column":25},"end":{"line":102,"column":46}},{"start":{"line":102,"column":50},"end":{"line":102,"column":81}}],"line":102},"34":{"loc":{"start":{"line":102,"column":58},"end":{"line":102,"column":79}},"type":"binary-expr","locations":[{"start":{"line":102,"column":58},"end":{"line":102,"column":65}},{"start":{"line":102,"column":69},"end":{"line":102,"column":79}}],"line":102},"35":{"loc":{"start":{"line":116,"column":8},"end":{"line":116,"column":52}},"type":"if","locations":[{"start":{"line":116,"column":8},"end":{"line":116,"column":52}},{"start":{},"end":{}}],"line":116},"36":{"loc":{"start":{"line":121,"column":25},"end":{"line":121,"column":81}},"type":"binary-expr","locations":[{"start":{"line":121,"column":25},"end":{"line":121,"column":46}},{"start":{"line":121,"column":50},"end":{"line":121,"column":81}}],"line":121},"37":{"loc":{"start":{"line":121,"column":58},"end":{"line":121,"column":79}},"type":"binary-expr","locations":[{"start":{"line":121,"column":58},"end":{"line":121,"column":65}},{"start":{"line":121,"column":69},"end":{"line":121,"column":79}}],"line":121}},"s":{"0":3,"1":3,"2":2,"3":2,"4":1,"5":1,"6":1,"7":1,"8":2,"9":2,"10":1,"11":1,"12":1,"13":1,"14":1,"15":1,"16":0,"17":1,"18":1,"19":1,"20":0,"21":1,"22":1,"23":1,"24":0,"25":1,"26":1,"27":3,"28":3,"29":1,"30":2,"31":2,"32":2,"33":2,"34":1,"35":2,"36":2,"37":1,"38":0,"39":1,"40":2,"41":2,"42":2,"43":2,"44":2,"45":0,"46":2,"47":1,"48":1,"49":1,"50":1,"51":1,"52":1,"53":1,"54":1,"55":1,"56":1,"57":0,"58":0,"59":0,"60":1,"61":1,"62":2,"63":2,"64":2,"65":1},"f":{"0":3,"1":2,"2":2,"3":1,"4":1,"5":1,"6":1,"7":2,"8":0},"b":{"0":[3,0],"1":[3,0],"2":[2,0],"3":[1,1],"4":[1,1],"5":[1,1],"6":[1,1],"7":[1,1],"8":[1,1],"9":[1,0,0],"10":[1,0],"11":[1,1],"12":[0,1],"13":[0,1],"14":[1,0],"15":[0,1],"16":[3,0],"17":[1,2],"18":[2,0],"19":[0,1],"20":[2,0],"21":[2,0],"22":[0,0],"23":[0,0],"24":[0,0],"25":[0,0],"26":[0,0],"27":[0,0,0],"28":[0,0],"29":[2,0],"30":[0,0],"31":[0,2],"32":[1,1],"33":[1,0],"34":[0,0],"35":[0,0],"36":[2,0],"37":[0,0]},"_coverageSchema":"1a1c01bbd47fc00a2c39e90264f33305004495a9","hash":"33de7bd763f4aa5cdc8b72283354ac9a1981c725"}
,"C:\\Users\\Usuario\\Documents\\VMRC-DWES\\t1\\ej22-api-files\\ejercicios\\trabajoextra\\src\\middlewares\\auth.middleware.js": {"path":"C:\\Users\\Usuario\\Documents\\VMRC-DWES\\t1\\ej22-api-files\\ejercicios\\trabajoextra\\src\\middlewares\\auth.middleware.js","statementMap":{"0":{"start":{"line":3,"column":27},"end":{"line":21,"column":1}},"1":{"start":{"line":4,"column":17},"end":{"line":4,"column":42}},"2":{"start":{"line":6,"column":2},"end":{"line":7,"column":60}},"3":{"start":{"line":7,"column":4},"end":{"line":7,"column":60}},"4":{"start":{"line":9,"column":24},"end":{"line":9,"column":41}},"5":{"start":{"line":11,"column":2},"end":{"line":12,"column":67}},"6":{"start":{"line":12,"column":4},"end":{"line":12,"column":67}},"7":{"start":{"line":14,"column":2},"end":{"line":20,"column":3}},"8":{"start":{"line":15,"column":21},"end":{"line":15,"column":62}},"9":{"start":{"line":16,"column":4},"end":{"line":16,"column":24}},"10":{"start":{"line":17,"column":4},"end":{"line":17,"column":11}},"11":{"start":{"line":19,"column":4},"end":{"line":19,"column":74}},"12":{"start":{"line":23,"column":25},"end":{"line":28,"column":1}},"13":{"start":{"line":24,"column":2},"end":{"line":25,"column":71}},"14":{"start":{"line":25,"column":4},"end":{"line":25,"column":71}},"15":{"start":{"line":27,"column":2},"end":{"line":27,"column":9}}},"fnMap":{"0":{"name":"(anonymous_0)","decl":{"start":{"line":3,"column":27},"end":{"line":3,"column":28}},"loc":{"start":{"line":3,"column":47},"end":{"line":21,"column":1}},"line":3},"1":{"name":"(anonymous_1)","decl":{"start":{"line":23,"column":25},"end":{"line":23,"column":26}},"loc":{"start":{"line":23,"column":45},"end":{"line":28,"column":1}},"line":23}},"branchMap":{"0":{"loc":{"start":{"line":6,"column":2},"end":{"line":7,"column":60}},"type":"if","locations":[{"start":{"line":6,"column":2},"end":{"line":7,"column":60}},{"start":{},"end":{}}],"line":6},"1":{"loc":{"start":{"line":11,"column":2},"end":{"line":12,"column":67}},"type":"if","locations":[{"start":{"line":11,"column":2},"end":{"line":12,"column":67}},{"start":{},"end":{}}],"line":11},"2":{"loc":{"start":{"line":24,"column":2},"end":{"line":25,"column":71}},"type":"if","locations":[{"start":{"line":24,"column":2},"end":{"line":25,"column":71}},{"start":{},"end":{}}],"line":24}},"s":{"0":2,"1":11,"2":11,"3":1,"4":10,"5":10,"6":1,"7":9,"8":9,"9":8,"10":8,"11":1,"12":2,"13":2,"14":1,"15":1},"f":{"0":11,"1":2},"b":{"0":[1,10],"1":[1,9],"2":[1,1]},"_coverageSchema":"1a1c01bbd47fc00a2c39e90264f33305004495a9","hash":"ad8928f0047b6b65d3752fca9f75a81c4f7b1650"}
,"C:\\Users\\Usuario\\Documents\\VMRC-DWES\\t1\\ej22-api-files\\ejercicios\\trabajoextra\\src\\middlewares\\errorHandler.js": {"path":"C:\\Users\\Usuario\\Documents\\VMRC-DWES\\t1\\ej22-api-files\\ejercicios\\trabajoextra\\src\\middlewares\\errorHandler.js","statementMap":{"0":{"start":{"line":6,"column":4},"end":{"line":6,"column":70}},"1":{"start":{"line":9,"column":4},"end":{"line":11,"column":7}}},"fnMap":{"0":{"name":"errorHandler","decl":{"start":{"line":4,"column":24},"end":{"line":4,"column":36}},"loc":{"start":{"line":4,"column":58},"end":{"line":12,"column":1}},"line":4}},"branchMap":{"0":{"loc":{"start":{"line":9,"column":15},"end":{"line":9,"column":32}},"type":"binary-expr","locations":[{"start":{"line":9,"column":15},"end":{"line":9,"column":25}},{"start":{"line":9,"column":29},"end":{"line":9,"column":32}}],"line":9},"1":{"loc":{"start":{"line":10,"column":15},"end":{"line":10,"column":58}},"type":"binary-expr","locations":[{"start":{"line":10,"column":15},"end":{"line":10,"column":26}},{"start":{"line":10,"column":30},"end":{"line":10,"column":58}}],"line":10}},"s":{"0":1,"1":1},"f":{"0":1},"b":{"0":[1,0],"1":[1,0]},"_coverageSchema":"1a1c01bbd47fc00a2c39e90264f33305004495a9","hash":"ad3d3c1ba978eaaf26daf305fa566fc3f9c8a31a"}
,"C:\\Users\\Usuario\\Documents\\VMRC-DWES\\t1\\ej22-api-files\\ejercicios\\trabajoextra\\src\\routes\\auth.routes.js": {"path":"C:\\Users\\Usuario\\Documents\\VMRC-DWES\\t1\\ej22-api-files\\ejercicios\\trabajoextra\\src\\routes\\auth.routes.js","statementMap":{"0":{"start":{"line":4,"column":15},"end":{"line":4,"column":23}},"1":{"start":{"line":6,"column":0},"end":{"line":6,"column":29}},"2":{"start":{"line":7,"column":0},"end":{"line":7,"column":33}}},"fnMap":{},"branchMap":{},"s":{"0":2,"1":2,"2":2},"f":{},"b":{},"_coverageSchema":"1a1c01bbd47fc00a2c39e90264f33305004495a9","hash":"cbf8294ff554e09632608da60408fd7a015bfd8e"}
,"C:\\Users\\Usuario\\Documents\\VMRC-DWES\\t1\\ej22-api-files\\ejercicios\\trabajoextra\\src\\routes\\files.routes.js": {"path":"C:\\Users\\Usuario\\Documents\\VMRC-DWES\\t1\\ej22-api-files\\ejercicios\\trabajoextra\\src\\routes\\files.routes.js","statementMap":{"0":{"start":{"line":8,"column":15},"end":{"line":8,"column":23}},"1":{"start":{"line":11,"column":16},"end":{"line":22,"column":2}},"2":{"start":{"line":13,"column":16},"end":{"line":13,"column":67}},"3":{"start":{"line":14,"column":17},"end":{"line":14,"column":25}},"4":{"start":{"line":15,"column":4},"end":{"line":16,"column":44}},"5":{"start":{"line":15,"column":25},"end":{"line":15,"column":41}},"6":{"start":{"line":16,"column":9},"end":{"line":16,"column":44}},"7":{"start":{"line":16,"column":29},"end":{"line":16,"column":44}},"8":{"start":{"line":17,"column":17},"end":{"line":17,"column":58}},"9":{"start":{"line":18,"column":4},"end":{"line":18,"column":105}},"10":{"start":{"line":18,"column":10},"end":{"line":18,"column":76}},"11":{"start":{"line":18,"column":36},"end":{"line":18,"column":76}},"12":{"start":{"line":19,"column":4},"end":{"line":19,"column":19}},"13":{"start":{"line":21,"column":31},"end":{"line":21,"column":58}},"14":{"start":{"line":24,"column":15},"end":{"line":24,"column":34}},"15":{"start":{"line":27,"column":0},"end":{"line":27,"column":40}},"16":{"start":{"line":30,"column":0},"end":{"line":30,"column":72}},"17":{"start":{"line":34,"column":0},"end":{"line":34,"column":51}},"18":{"start":{"line":37,"column":0},"end":{"line":37,"column":44}},"19":{"start":{"line":39,"column":0},"end":{"line":39,"column":49}}},"fnMap":{"0":{"name":"(anonymous_0)","decl":{"start":{"line":12,"column":15},"end":{"line":12,"column":16}},"loc":{"start":{"line":12,"column":34},"end":{"line":20,"column":3}},"line":12},"1":{"name":"(anonymous_1)","decl":{"start":{"line":21,"column":12},"end":{"line":21,"column":13}},"loc":{"start":{"line":21,"column":31},"end":{"line":21,"column":58}},"line":21}},"branchMap":{"0":{"loc":{"start":{"line":13,"column":29},"end":{"line":13,"column":52}},"type":"binary-expr","locations":[{"start":{"line":13,"column":29},"end":{"line":13,"column":46}},{"start":{"line":13,"column":50},"end":{"line":13,"column":52}}],"line":13},"1":{"loc":{"start":{"line":15,"column":4},"end":{"line":16,"column":44}},"type":"if","locations":[{"start":{"line":15,"column":4},"end":{"line":16,"column":44}},{"start":{"line":16,"column":9},"end":{"line":16,"column":44}}],"line":15},"2":{"loc":{"start":{"line":16,"column":9},"end":{"line":16,"column":44}},"type":"if","locations":[{"start":{"line":16,"column":9},"end":{"line":16,"column":44}},{"start":{},"end":{}}],"line":16},"3":{"loc":{"start":{"line":18,"column":10},"end":{"line":18,"column":76}},"type":"if","locations":[{"start":{"line":18,"column":10},"end":{"line":18,"column":76}},{"start":{},"end":{}}],"line":18}},"s":{"0":2,"1":2,"2":0,"3":0,"4":0,"5":0,"6":0,"7":0,"8":0,"9":0,"10":0,"11":0,"12":0,"13":0,"14":2,"15":2,"16":2,"17":2,"18":2,"19":2},"f":{"0":0,"1":0},"b":{"0":[0,0],"1":[0,0],"2":[0,0],"3":[0,0]},"_coverageSchema":"1a1c01bbd47fc00a2c39e90264f33305004495a9","hash":"40c06fa5314ced00a6a64e40ea713a7f99778764"}
,"C:\\Users\\Usuario\\Documents\\VMRC-DWES\\t1\\ej22-api-files\\ejercicios\\trabajoextra\\src\\routes\\notas.routes.js": {"path":"C:\\Users\\Usuario\\Documents\\VMRC-DWES\\t1\\ej22-api-files\\ejercicios\\trabajoextra\\src\\routes\\notas.routes.js","statementMap":{"0":{"start":{"line":6,"column":15},"end":{"line":6,"column":58}},"1":{"start":{"line":8,"column":15},"end":{"line":8,"column":23}},"2":{"start":{"line":11,"column":0},"end":{"line":11,"column":37}},"3":{"start":{"line":13,"column":0},"end":{"line":13,"column":38}},"4":{"start":{"line":16,"column":0},"end":{"line":16,"column":72}},"5":{"start":{"line":19,"column":0},"end":{"line":19,"column":48}},"6":{"start":{"line":22,"column":0},"end":{"line":22,"column":41}},"7":{"start":{"line":24,"column":0},"end":{"line":24,"column":40}},"8":{"start":{"line":27,"column":0},"end":{"line":27,"column":43}}},"fnMap":{},"branchMap":{},"s":{"0":2,"1":2,"2":2,"3":2,"4":2,"5":2,"6":2,"7":2,"8":2},"f":{},"b":{},"_coverageSchema":"1a1c01bbd47fc00a2c39e90264f33305004495a9","hash":"69f891c2a912abb9f7439223d349e4d98164ea7c"}
,"C:\\Users\\Usuario\\Documents\\VMRC-DWES\\t1\\ej22-api-files\\ejercicios\\trabajoextra\\src\\services\\notas.service.js": {"path":"C:\\Users\\Usuario\\Documents\\VMRC-DWES\\t1\\ej22-api-files\\ejercicios\\trabajoextra\\src\\services\\notas.service.js","statementMap":{"0":{"start":{"line":4,"column":25},"end":{"line":4,"column":73}},"1":{"start":{"line":6,"column":18},"end":{"line":12,"column":1}},"2":{"start":{"line":7,"column":4},"end":{"line":7,"column":75}},"3":{"start":{"line":7,"column":63},"end":{"line":7,"column":75}},"4":{"start":{"line":8,"column":20},"end":{"line":8,"column":33}},"5":{"start":{"line":9,"column":4},"end":{"line":9,"column":47}},"6":{"start":{"line":9,"column":32},"end":{"line":9,"column":47}},"7":{"start":{"line":10,"column":19},"end":{"line":10,"column":36}},"8":{"start":{"line":11,"column":4},"end":{"line":11,"column":48}},"9":{"start":{"line":14,"column":20},"end":{"line":18,"column":1}},"10":{"start":{"line":15,"column":4},"end":{"line":15,"column":35}},"11":{"start":{"line":15,"column":19},"end":{"line":15,"column":35}},"12":{"start":{"line":16,"column":15},"end":{"line":16,"column":34}},"13":{"start":{"line":17,"column":4},"end":{"line":17,"column":26}},"14":{"start":{"line":20,"column":17},"end":{"line":20,"column":87}},"15":{"start":{"line":20,"column":28},"end":{"line":20,"column":86}},"16":{"start":{"line":23,"column":18},"end":{"line":23,"column":31}},"17":{"start":{"line":25,"column":4},"end":{"line":25,"column":68}},"18":{"start":{"line":25,"column":55},"end":{"line":25,"column":68}},"19":{"start":{"line":28,"column":16},"end":{"line":33,"column":6}},"20":{"start":{"line":29,"column":8},"end":{"line":31,"column":9}},"21":{"start":{"line":30,"column":12},"end":{"line":30,"column":112}},"22":{"start":{"line":32,"column":8},"end":{"line":32,"column":24}},"23":{"start":{"line":46,"column":8},"end":{"line":46,"column":15}},"24":{"start":{"line":49,"column":4},"end":{"line":52,"column":5}},"25":{"start":{"line":50,"column":18},"end":{"line":50,"column":51}},"26":{"start":{"line":51,"column":8},"end":{"line":51,"column":78}},"27":{"start":{"line":51,"column":34},"end":{"line":51,"column":76}},"28":{"start":{"line":54,"column":4},"end":{"line":57,"column":5}},"29":{"start":{"line":55,"column":18},"end":{"line":55,"column":53}},"30":{"start":{"line":56,"column":8},"end":{"line":56,"column":81}},"31":{"start":{"line":56,"column":34},"end":{"line":56,"column":79}},"32":{"start":{"line":59,"column":4},"end":{"line":62,"column":5}},"33":{"start":{"line":60,"column":23},"end":{"line":60,"column":40}},"34":{"start":{"line":61,"column":8},"end":{"line":61,"column":78}},"35":{"start":{"line":61,"column":34},"end":{"line":61,"column":76}},"36":{"start":{"line":65,"column":19},"end":{"line":65,"column":38}},"37":{"start":{"line":66,"column":17},"end":{"line":66,"column":34}},"38":{"start":{"line":68,"column":4},"end":{"line":83,"column":5}},"39":{"start":{"line":69,"column":8},"end":{"line":82,"column":11}},"40":{"start":{"line":70,"column":30},"end":{"line":70,"column":91}},"41":{"start":{"line":71,"column":30},"end":{"line":71,"column":65}},"42":{"start":{"line":73,"column":31},"end":{"line":73,"column":69}},"43":{"start":{"line":74,"column":12},"end":{"line":74,"column":49}},"44":{"start":{"line":74,"column":36},"end":{"line":74,"column":49}},"45":{"start":{"line":76,"column":32},"end":{"line":80,"column":14}},"46":{"start":{"line":77,"column":16},"end":{"line":77,"column":65}},"47":{"start":{"line":77,"column":52},"end":{"line":77,"column":65}},"48":{"start":{"line":78,"column":16},"end":{"line":78,"column":61}},"49":{"start":{"line":78,"column":48},"end":{"line":78,"column":61}},"50":{"start":{"line":79,"column":16},"end":{"line":79,"column":28}},"51":{"start":{"line":81,"column":12},"end":{"line":81,"column":31}},"52":{"start":{"line":86,"column":4},"end":{"line":102,"column":5}},"53":{"start":{"line":87,"column":20},"end":{"line":87,"column":67}},"54":{"start":{"line":88,"column":20},"end":{"line":88,"column":48}},"55":{"start":{"line":89,"column":25},"end":{"line":89,"column":29}},"56":{"start":{"line":91,"column":8},"end":{"line":99,"column":9}},"57":{"start":{"line":92,"column":12},"end":{"line":92,"column":169}},"58":{"start":{"line":92,"column":35},"end":{"line":92,"column":168}},"59":{"start":{"line":93,"column":15},"end":{"line":99,"column":9}},"60":{"start":{"line":94,"column":12},"end":{"line":94,"column":153}},"61":{"start":{"line":94,"column":35},"end":{"line":94,"column":152}},"62":{"start":{"line":95,"column":15},"end":{"line":99,"column":9}},"63":{"start":{"line":96,"column":12},"end":{"line":96,"column":88}},"64":{"start":{"line":96,"column":35},"end":{"line":96,"column":87}},"65":{"start":{"line":97,"column":15},"end":{"line":99,"column":9}},"66":{"start":{"line":98,"column":12},"end":{"line":98,"column":69}},"67":{"start":{"line":98,"column":35},"end":{"line":98,"column":68}},"68":{"start":{"line":101,"column":8},"end":{"line":101,"column":63}},"69":{"start":{"line":101,"column":24},"end":{"line":101,"column":63}},"70":{"start":{"line":101,"column":45},"end":{"line":101,"column":61}},"71":{"start":{"line":105,"column":14},"end":{"line":105,"column":50}},"72":{"start":{"line":106,"column":15},"end":{"line":106,"column":69}},"73":{"start":{"line":107,"column":23},"end":{"line":107,"column":35}},"74":{"start":{"line":108,"column":23},"end":{"line":108,"column":72}},"75":{"start":{"line":109,"column":18},"end":{"line":109,"column":30}},"76":{"start":{"line":110,"column":18},"end":{"line":110,"column":48}},"77":{"start":{"line":112,"column":4},"end":{"line":118,"column":6}},"78":{"start":{"line":122,"column":18},"end":{"line":122,"column":31}},"79":{"start":{"line":123,"column":4},"end":{"line":123,"column":39}},"80":{"start":{"line":123,"column":27},"end":{"line":123,"column":37}},"81":{"start":{"line":127,"column":18},"end":{"line":127,"column":31}},"82":{"start":{"line":128,"column":16},"end":{"line":128,"column":26}},"83":{"start":{"line":129,"column":18},"end":{"line":129,"column":70}},"84":{"start":{"line":130,"column":4},"end":{"line":130,"column":22}},"85":{"start":{"line":131,"column":4},"end":{"line":131,"column":24}},"86":{"start":{"line":132,"column":4},"end":{"line":132,"column":17}},"87":{"start":{"line":136,"column":18},"end":{"line":136,"column":31}},"88":{"start":{"line":137,"column":18},"end":{"line":137,"column":50}},"89":{"start":{"line":137,"column":39},"end":{"line":137,"column":49}},"90":{"start":{"line":138,"column":4},"end":{"line":138,"column":34}},"91":{"start":{"line":138,"column":22},"end":{"line":138,"column":34}},"92":{"start":{"line":139,"column":16},"end":{"line":139,"column":26}},"93":{"start":{"line":140,"column":4},"end":{"line":140,"column":64}},"94":{"start":{"line":141,"column":4},"end":{"line":141,"column":24}},"95":{"start":{"line":142,"column":4},"end":{"line":142,"column":24}},"96":{"start":{"line":146,"column":18},"end":{"line":146,"column":31}},"97":{"start":{"line":147,"column":19},"end":{"line":147,"column":48}},"98":{"start":{"line":147,"column":37},"end":{"line":147,"column":47}},"99":{"start":{"line":148,"column":4},"end":{"line":148,"column":53}},"100":{"start":{"line":148,"column":40},"end":{"line":148,"column":53}},"101":{"start":{"line":150,"column":4},"end":{"line":150,"column":25}},"102":{"start":{"line":151,"column":4},"end":{"line":151,"column":16}}},"fnMap":{"0":{"name":"(anonymous_0)","decl":{"start":{"line":6,"column":18},"end":{"line":6,"column":19}},"loc":{"start":{"line":6,"column":29},"end":{"line":12,"column":1}},"line":6},"1":{"name":"(anonymous_1)","decl":{"start":{"line":14,"column":20},"end":{"line":14,"column":21}},"loc":{"start":{"line":14,"column":48},"end":{"line":18,"column":1}},"line":14},"2":{"name":"(anonymous_2)","decl":{"start":{"line":20,"column":17},"end":{"line":20,"column":18}},"loc":{"start":{"line":20,"column":28},"end":{"line":20,"column":86}},"line":20},"3":{"name":"getAll","decl":{"start":{"line":22,"column":16},"end":{"line":22,"column":22}},"loc":{"start":{"line":22,"column":32},"end":{"line":119,"column":1}},"line":22},"4":{"name":"(anonymous_4)","decl":{"start":{"line":28,"column":26},"end":{"line":28,"column":27}},"loc":{"start":{"line":28,"column":38},"end":{"line":33,"column":5}},"line":28},"5":{"name":"(anonymous_5)","decl":{"start":{"line":51,"column":29},"end":{"line":51,"column":30}},"loc":{"start":{"line":51,"column":34},"end":{"line":51,"column":76}},"line":51},"6":{"name":"(anonymous_6)","decl":{"start":{"line":56,"column":29},"end":{"line":56,"column":30}},"loc":{"start":{"line":56,"column":34},"end":{"line":56,"column":79}},"line":56},"7":{"name":"(anonymous_7)","decl":{"start":{"line":61,"column":29},"end":{"line":61,"column":30}},"loc":{"start":{"line":61,"column":34},"end":{"line":61,"column":76}},"line":61},"8":{"name":"(anonymous_8)","decl":{"start":{"line":69,"column":29},"end":{"line":69,"column":30}},"loc":{"start":{"line":69,"column":34},"end":{"line":82,"column":9}},"line":69},"9":{"name":"(anonymous_9)","decl":{"start":{"line":76,"column":48},"end":{"line":76,"column":49}},"loc":{"start":{"line":76,"column":54},"end":{"line":80,"column":13}},"line":76},"10":{"name":"(anonymous_10)","decl":{"start":{"line":92,"column":25},"end":{"line":92,"column":26}},"loc":{"start":{"line":92,"column":35},"end":{"line":92,"column":168}},"line":92},"11":{"name":"(anonymous_11)","decl":{"start":{"line":94,"column":25},"end":{"line":94,"column":26}},"loc":{"start":{"line":94,"column":35},"end":{"line":94,"column":152}},"line":94},"12":{"name":"(anonymous_12)","decl":{"start":{"line":96,"column":25},"end":{"line":96,"column":26}},"loc":{"start":{"line":96,"column":35},"end":{"line":96,"column":87}},"line":96},"13":{"name":"(anonymous_13)","decl":{"start":{"line":98,"column":25},"end":{"line":98,"column":26}},"loc":{"start":{"line":98,"column":35},"end":{"line":98,"column":68}},"line":98},"14":{"name":"(anonymous_14)","decl":{"start":{"line":101,"column":35},"end":{"line":101,"column":36}},"loc":{"start":{"line":101,"column":45},"end":{"line":101,"column":61}},"line":101},"15":{"name":"getById","decl":{"start":{"line":121,"column":16},"end":{"line":121,"column":23}},"loc":{"start":{"line":121,"column":28},"end":{"line":124,"column":1}},"line":121},"16":{"name":"(anonymous_16)","decl":{"start":{"line":123,"column":22},"end":{"line":123,"column":23}},"loc":{"start":{"line":123,"column":27},"end":{"line":123,"column":37}},"line":123},"17":{"name":"create","decl":{"start":{"line":126,"column":16},"end":{"line":126,"column":22}},"loc":{"start":{"line":126,"column":29},"end":{"line":133,"column":1}},"line":126},"18":{"name":"update","decl":{"start":{"line":135,"column":16},"end":{"line":135,"column":22}},"loc":{"start":{"line":135,"column":33},"end":{"line":143,"column":1}},"line":135},"19":{"name":"(anonymous_19)","decl":{"start":{"line":137,"column":34},"end":{"line":137,"column":35}},"loc":{"start":{"line":137,"column":39},"end":{"line":137,"column":49}},"line":137},"20":{"name":"remove","decl":{"start":{"line":145,"column":16},"end":{"line":145,"column":22}},"loc":{"start":{"line":145,"column":27},"end":{"line":152,"column":1}},"line":145},"21":{"name":"(anonymous_21)","decl":{"start":{"line":147,"column":32},"end":{"line":147,"column":33}},"loc":{"start":{"line":147,"column":37},"end":{"line":147,"column":47}},"line":147}},"branchMap":{"0":{"loc":{"start":{"line":4,"column":25},"end":{"line":4,"column":73}},"type":"binary-expr","locations":[{"start":{"line":4,"column":25},"end":{"line":4,"column":67}},{"start":{"line":4,"column":71},"end":{"line":4,"column":73}}],"line":4},"1":{"loc":{"start":{"line":7,"column":4},"end":{"line":7,"column":75}},"type":"if","locations":[{"start":{"line":7,"column":4},"end":{"line":7,"column":75}},{"start":{},"end":{}}],"line":7},"2":{"loc":{"start":{"line":7,"column":8},"end":{"line":7,"column":61}},"type":"binary-expr","locations":[{"start":{"line":7,"column":8},"end":{"line":7,"column":27}},{"start":{"line":7,"column":31},"end":{"line":7,"column":45}},{"start":{"line":7,"column":49},"end":{"line":7,"column":61}}],"line":7},"3":{"loc":{"start":{"line":9,"column":4},"end":{"line":9,"column":47}},"type":"if","locations":[{"start":{"line":9,"column":4},"end":{"line":9,"column":47}},{"start":{},"end":{}}],"line":9},"4":{"loc":{"start":{"line":11,"column":11},"end":{"line":11,"column":47}},"type":"cond-expr","locations":[{"start":{"line":11,"column":34},"end":{"line":11,"column":38}},{"start":{"line":11,"column":41},"end":{"line":11,"column":47}}],"line":11},"5":{"loc":{"start":{"line":14,"column":31},"end":{"line":14,"column":43}},"type":"default-arg","locations":[{"start":{"line":14,"column":42},"end":{"line":14,"column":43}}],"line":14},"6":{"loc":{"start":{"line":15,"column":4},"end":{"line":15,"column":35}},"type":"if","locations":[{"start":{"line":15,"column":4},"end":{"line":15,"column":35}},{"start":{},"end":{}}],"line":15},"7":{"loc":{"start":{"line":17,"column":11},"end":{"line":17,"column":25}},"type":"binary-expr","locations":[{"start":{"line":17,"column":11},"end":{"line":17,"column":13}},{"start":{"line":17,"column":17},"end":{"line":17,"column":25}}],"line":17},"8":{"loc":{"start":{"line":20,"column":29},"end":{"line":20,"column":46}},"type":"binary-expr","locations":[{"start":{"line":20,"column":29},"end":{"line":20,"column":40}},{"start":{"line":20,"column":44},"end":{"line":20,"column":46}}],"line":20},"9":{"loc":{"start":{"line":20,"column":58},"end":{"line":20,"column":78}},"type":"binary-expr","locations":[{"start":{"line":20,"column":58},"end":{"line":20,"column":72}},{"start":{"line":20,"column":76},"end":{"line":20,"column":78}}],"line":20},"10":{"loc":{"start":{"line":25,"column":4},"end":{"line":25,"column":68}},"type":"if","locations":[{"start":{"line":25,"column":4},"end":{"line":25,"column":68}},{"start":{},"end":{}}],"line":25},"11":{"loc":{"start":{"line":25,"column":8},"end":{"line":25,"column":53}},"type":"binary-expr","locations":[{"start":{"line":25,"column":8},"end":{"line":25,"column":16}},{"start":{"line":25,"column":20},"end":{"line":25,"column":53}}],"line":25},"12":{"loc":{"start":{"line":29,"column":8},"end":{"line":31,"column":9}},"type":"if","locations":[{"start":{"line":29,"column":8},"end":{"line":31,"column":9}},{"start":{},"end":{}}],"line":29},"13":{"loc":{"start":{"line":43,"column":8},"end":{"line":43,"column":21}},"type":"default-arg","locations":[{"start":{"line":43,"column":16},"end":{"line":43,"column":21}}],"line":43},"14":{"loc":{"start":{"line":44,"column":8},"end":{"line":44,"column":16}},"type":"default-arg","locations":[{"start":{"line":44,"column":15},"end":{"line":44,"column":16}}],"line":44},"15":{"loc":{"start":{"line":45,"column":8},"end":{"line":45,"column":34}},"type":"default-arg","locations":[{"start":{"line":45,"column":18},"end":{"line":45,"column":34}}],"line":45},"16":{"loc":{"start":{"line":49,"column":4},"end":{"line":52,"column":5}},"type":"if","locations":[{"start":{"line":49,"column":4},"end":{"line":52,"column":5}},{"start":{},"end":{}}],"line":49},"17":{"loc":{"start":{"line":51,"column":35},"end":{"line":51,"column":49}},"type":"binary-expr","locations":[{"start":{"line":51,"column":35},"end":{"line":51,"column":43}},{"start":{"line":51,"column":47},"end":{"line":51,"column":49}}],"line":51},"18":{"loc":{"start":{"line":54,"column":4},"end":{"line":57,"column":5}},"type":"if","locations":[{"start":{"line":54,"column":4},"end":{"line":57,"column":5}},{"start":{},"end":{}}],"line":54},"19":{"loc":{"start":{"line":56,"column":35},"end":{"line":56,"column":52}},"type":"binary-expr","locations":[{"start":{"line":56,"column":35},"end":{"line":56,"column":46}},{"start":{"line":56,"column":50},"end":{"line":56,"column":52}}],"line":56},"20":{"loc":{"start":{"line":59,"column":4},"end":{"line":62,"column":5}},"type":"if","locations":[{"start":{"line":59,"column":4},"end":{"line":62,"column":5}},{"start":{},"end":{}}],"line":59},"21":{"loc":{"start":{"line":59,"column":8},"end":{"line":59,"column":25}},"type":"binary-expr","locations":[{"start":{"line":59,"column":8},"end":{"line":59,"column":16}},{"start":{"line":59,"column":20},"end":{"line":59,"column":25}}],"line":59},"22":{"loc":{"start":{"line":60,"column":23},"end":{"line":60,"column":40}},"type":"binary-expr","locations":[{"start":{"line":60,"column":23},"end":{"line":60,"column":31}},{"start":{"line":60,"column":35},"end":{"line":60,"column":40}}],"line":60},"23":{"loc":{"start":{"line":61,"column":34},"end":{"line":61,"column":76}},"type":"binary-expr","locations":[{"start":{"line":61,"column":34},"end":{"line":61,"column":55}},{"start":{"line":61,"column":59},"end":{"line":61,"column":76}}],"line":61},"24":{"loc":{"start":{"line":68,"column":4},"end":{"line":83,"column":5}},"type":"if","locations":[{"start":{"line":68,"column":4},"end":{"line":83,"column":5}},{"start":{},"end":{}}],"line":68},"25":{"loc":{"start":{"line":68,"column":8},"end":{"line":68,"column":40}},"type":"binary-expr","locations":[{"start":{"line":68,"column":8},"end":{"line":68,"column":23}},{"start":{"line":68,"column":27},"end":{"line":68,"column":40}}],"line":68},"26":{"loc":{"start":{"line":70,"column":55},"end":{"line":70,"column":90}},"type":"cond-expr","locations":[{"start":{"line":70,"column":82},"end":{"line":70,"column":86}},{"start":{"line":70,"column":89},"end":{"line":70,"column":90}}],"line":70},"27":{"loc":{"start":{"line":74,"column":12},"end":{"line":74,"column":49}},"type":"if","locations":[{"start":{"line":74,"column":12},"end":{"line":74,"column":49}},{"start":{},"end":{}}],"line":74},"28":{"loc":{"start":{"line":77,"column":16},"end":{"line":77,"column":65}},"type":"if","locations":[{"start":{"line":77,"column":16},"end":{"line":77,"column":65}},{"start":{},"end":{}}],"line":77},"29":{"loc":{"start":{"line":77,"column":20},"end":{"line":77,"column":50}},"type":"binary-expr","locations":[{"start":{"line":77,"column":20},"end":{"line":77,"column":35}},{"start":{"line":77,"column":39},"end":{"line":77,"column":50}}],"line":77},"30":{"loc":{"start":{"line":78,"column":16},"end":{"line":78,"column":61}},"type":"if","locations":[{"start":{"line":78,"column":16},"end":{"line":78,"column":61}},{"start":{},"end":{}}],"line":78},"31":{"loc":{"start":{"line":78,"column":20},"end":{"line":78,"column":46}},"type":"binary-expr","locations":[{"start":{"line":78,"column":20},"end":{"line":78,"column":33}},{"start":{"line":78,"column":37},"end":{"line":78,"column":46}}],"line":78},"32":{"loc":{"start":{"line":86,"column":4},"end":{"line":102,"column":5}},"type":"if","locations":[{"start":{"line":86,"column":4},"end":{"line":102,"column":5}},{"start":{},"end":{}}],"line":86},"33":{"loc":{"start":{"line":87,"column":20},"end":{"line":87,"column":67}},"type":"cond-expr","locations":[{"start":{"line":87,"column":61},"end":{"line":87,"column":63}},{"start":{"line":87,"column":66},"end":{"line":87,"column":67}}],"line":87},"34":{"loc":{"start":{"line":91,"column":8},"end":{"line":99,"column":9}},"type":"if","locations":[{"start":{"line":91,"column":8},"end":{"line":99,"column":9}},{"start":{"line":93,"column":15},"end":{"line":99,"column":9}}],"line":91},"35":{"loc":{"start":{"line":92,"column":61},"end":{"line":92,"column":96}},"type":"cond-expr","locations":[{"start":{"line":92,"column":88},"end":{"line":92,"column":92}},{"start":{"line":92,"column":95},"end":{"line":92,"column":96}}],"line":92},"36":{"loc":{"start":{"line":92,"column":125},"end":{"line":92,"column":160}},"type":"cond-expr","locations":[{"start":{"line":92,"column":152},"end":{"line":92,"column":156}},{"start":{"line":92,"column":159},"end":{"line":92,"column":160}}],"line":92},"37":{"loc":{"start":{"line":93,"column":15},"end":{"line":99,"column":9}},"type":"if","locations":[{"start":{"line":93,"column":15},"end":{"line":99,"column":9}},{"start":{"line":95,"column":15},"end":{"line":99,"column":9}}],"line":93},"38":{"loc":{"start":{"line":95,"column":15},"end":{"line":99,"column":9}},"type":"if","locations":[{"start":{"line":95,"column":15},"end":{"line":99,"column":9}},{"start":{"line":97,"column":15},"end":{"line":99,"column":9}}],"line":95},"39":{"loc":{"start":{"line":96,"column":36},"end":{"line":96,"column":50}},"type":"binary-expr","locations":[{"start":{"line":96,"column":36},"end":{"line":96,"column":44}},{"start":{"line":96,"column":48},"end":{"line":96,"column":50}}],"line":96},"40":{"loc":{"start":{"line":96,"column":66},"end":{"line":96,"column":80}},"type":"binary-expr","locations":[{"start":{"line":96,"column":66},"end":{"line":96,"column":74}},{"start":{"line":96,"column":78},"end":{"line":96,"column":80}}],"line":96},"41":{"loc":{"start":{"line":97,"column":15},"end":{"line":99,"column":9}},"type":"if","locations":[{"start":{"line":97,"column":15},"end":{"line":99,"column":9}},{"start":{},"end":{}}],"line":97},"42":{"loc":{"start":{"line":97,"column":19},"end":{"line":97,"column":53}},"type":"binary-expr","locations":[{"start":{"line":97,"column":19},"end":{"line":97,"column":33}},{"start":{"line":97,"column":37},"end":{"line":97,"column":53}}],"line":97},"43":{"loc":{"start":{"line":101,"column":8},"end":{"line":101,"column":63}},"type":"if","locations":[{"start":{"line":101,"column":8},"end":{"line":101,"column":63}},{"start":{},"end":{}}],"line":101},"44":{"loc":{"start":{"line":105,"column":23},"end":{"line":105,"column":46}},"type":"binary-expr","locations":[{"start":{"line":105,"column":23},"end":{"line":105,"column":41}},{"start":{"line":105,"column":45},"end":{"line":105,"column":46}}],"line":105},"45":{"loc":{"start":{"line":106,"column":24},"end":{"line":106,"column":65}},"type":"binary-expr","locations":[{"start":{"line":106,"column":24},"end":{"line":106,"column":45}},{"start":{"line":106,"column":49},"end":{"line":106,"column":65}}],"line":106},"46":{"loc":{"start":{"line":108,"column":23},"end":{"line":108,"column":72}},"type":"cond-expr","locations":[{"start":{"line":108,"column":42},"end":{"line":108,"column":43}},{"start":{"line":108,"column":46},"end":{"line":108,"column":72}}],"line":108},"47":{"loc":{"start":{"line":138,"column":4},"end":{"line":138,"column":34}},"type":"if","locations":[{"start":{"line":138,"column":4},"end":{"line":138,"column":34}},{"start":{},"end":{}}],"line":138},"48":{"loc":{"start":{"line":148,"column":4},"end":{"line":148,"column":53}},"type":"if","locations":[{"start":{"line":148,"column":4},"end":{"line":148,"column":53}},{"start":{},"end":{}}],"line":148}},"s":{"0":4,"1":4,"2":67,"3":24,"4":43,"5":43,"6":43,"7":0,"8":0,"9":4,"10":50,"11":11,"12":39,"13":39,"14":4,"15":12,"16":16,"17":16,"18":2,"19":14,"20":66,"21":13,"22":53,"23":14,"24":14,"25":4,"26":4,"27":26,"28":14,"29":1,"30":1,"31":4,"32":14,"33":2,"34":2,"35":8,"36":14,"37":14,"38":14,"39":2,"40":8,"41":8,"42":8,"43":8,"44":0,"45":8,"46":15,"47":11,"48":4,"49":2,"50":2,"51":8,"52":14,"53":5,"54":5,"55":5,"56":5,"57":1,"58":5,"59":4,"60":1,"61":6,"62":3,"63":2,"64":20,"65":1,"66":1,"67":6,"68":5,"69":5,"70":37,"71":14,"72":14,"73":14,"74":14,"75":14,"76":14,"77":14,"78":5,"79":5,"80":33,"81":2,"82":2,"83":2,"84":2,"85":2,"86":2,"87":2,"88":2,"89":16,"90":2,"91":0,"92":2,"93":2,"94":2,"95":2,"96":3,"97":3,"98":21,"99":3,"100":1,"101":2,"102":2},"f":{"0":67,"1":50,"2":12,"3":16,"4":66,"5":26,"6":4,"7":8,"8":8,"9":15,"10":5,"11":6,"12":20,"13":6,"14":37,"15":5,"16":33,"17":2,"18":2,"19":16,"20":3,"21":21},"b":{"0":[4,4],"1":[24,43],"2":[67,43,43],"3":[43,0],"4":[0,0],"5":[0],"6":[11,39],"7":[39,0],"8":[12,0],"9":[12,2],"10":[2,14],"11":[16,14],"12":[13,53],"13":[9],"14":[12],"15":[12],"16":[4,10],"17":[26,0],"18":[1,13],"19":[4,1],"20":[2,12],"21":[14,13],"22":[2,1],"23":[8,6],"24":[2,12],"25":[14,12],"26":[8,0],"27":[0,8],"28":[11,4],"29":[15,15],"30":[2,2],"31":[4,4],"32":[5,9],"33":[2,3],"34":[1,4],"35":[5,0],"36":[5,0],"37":[1,3],"38":[2,1],"39":[20,0],"40":[20,0],"41":[1,0],"42":[1,0],"43":[5,0],"44":[14,0],"45":[14,0],"46":[1,13],"47":[0,2],"48":[1,2]},"_coverageSchema":"1a1c01bbd47fc00a2c39e90264f33305004495a9","hash":"ef1fdb6838121466a4ecaf03e8dc134998e58e1f"}
,"C:\\Users\\Usuario\\Documents\\VMRC-DWES\\t1\\ej22-api-files\\ejercicios\\trabajoextra\\src\\utils\\fileManager.js": {"path":"C:\\Users\\Usuario\\Documents\\VMRC-DWES\\t1\\ej22-api-files\\ejercicios\\trabajoextra\\src\\utils\\fileManager.js","statementMap":{"0":{"start":{"line":3,"column":13},"end":{"line":3,"column":36}},"1":{"start":{"line":6,"column":4},"end":{"line":11,"column":5}},"2":{"start":{"line":7,"column":21},"end":{"line":7,"column":50}},"3":{"start":{"line":8,"column":8},"end":{"line":8,"column":32}},"4":{"start":{"line":10,"column":8},"end":{"line":10,"column":18}},"5":{"start":{"line":15,"column":4},"end":{"line":15,"column":59}}},"fnMap":{"0":{"name":"cargarNotas","decl":{"start":{"line":5,"column":16},"end":{"line":5,"column":27}},"loc":{"start":{"line":5,"column":30},"end":{"line":12,"column":1}},"line":5},"1":{"name":"guardarNotas","decl":{"start":{"line":14,"column":16},"end":{"line":14,"column":28}},"loc":{"start":{"line":14,"column":36},"end":{"line":16,"column":1}},"line":14}},"branchMap":{},"s":{"0":5,"1":9,"2":9,"3":8,"4":1,"5":4},"f":{"0":9,"1":4},"b":{},"_coverageSchema":"1a1c01bbd47fc00a2c39e90264f33305004495a9","hash":"45e98e72023ff07638949c9cdfaf610a485e11aa"}
,"C:\\Users\\Usuario\\Documents\\VMRC-DWES\\t1\\ej22-api-files\\ejercicios\\trabajoextra\\src\\utils\\logger.js": {"path":"C:\\Users\\Usuario\\Documents\\VMRC-DWES\\t1\\ej22-api-files\\ejercicios\\trabajoextra\\src\\utils\\logger.js","statementMap":{"0":{"start":{"line":3,"column":49},"end":{"line":3,"column":63}},"1":{"start":{"line":6,"column":17},"end":{"line":8,"column":2}},"2":{"start":{"line":7,"column":4},"end":{"line":7,"column":49}},"3":{"start":{"line":10,"column":15},"end":{"line":22,"column":2}}},"fnMap":{"0":{"name":"(anonymous_0)","decl":{"start":{"line":6,"column":24},"end":{"line":6,"column":25}},"loc":{"start":{"line":6,"column":59},"end":{"line":8,"column":1}},"line":6}},"branchMap":{},"s":{"0":3,"1":3,"2":12,"3":3},"f":{"0":12},"b":{},"_coverageSchema":"1a1c01bbd47fc00a2c39e90264f33305004495a9","hash":"5623eb41d5e6125553506e28696759c87745b250"}
}
