{"C:\\Proyectos\\Repos\\VMRC-DWES\\t1\\ej22-api-files\\ejercicios\\trabajoextra\\src\\controllers\\auth.controller.js": {"path":"C:\\Proyectos\\Repos\\VMRC-DWES\\t1\\ej22-api-files\\ejercicios\\trabajoextra\\src\\controllers\\auth.controller.js","statementMap":{"0":{"start":{"line":4,"column":21},"end":{"line":50,"column":1}},"1":{"start":{"line":5,"column":33},"end":{"line":5,"column":41}},"2":{"start":{"line":7,"column":20},"end":{"line":7,"column":42}},"3":{"start":{"line":8,"column":20},"end":{"line":8,"column":42}},"4":{"start":{"line":9,"column":20},"end":{"line":9,"column":42}},"5":{"start":{"line":10,"column":21},"end":{"line":10,"column":55}},"6":{"start":{"line":12,"column":2},"end":{"line":13,"column":61}},"7":{"start":{"line":13,"column":4},"end":{"line":13,"column":61}},"8":{"start":{"line":15,"column":2},"end":{"line":18,"column":3}},"9":{"start":{"line":16,"column":4},"end":{"line":16,"column":43}},"10":{"start":{"line":17,"column":4},"end":{"line":17,"column":84}},"11":{"start":{"line":21,"column":2},"end":{"line":22,"column":81}},"12":{"start":{"line":22,"column":4},"end":{"line":22,"column":81}},"13":{"start":{"line":24,"column":24},"end":{"line":24,"column":29}},"14":{"start":{"line":25,"column":2},"end":{"line":36,"column":3}},"15":{"start":{"line":27,"column":4},"end":{"line":32,"column":5}},"16":{"start":{"line":28,"column":6},"end":{"line":28,"column":66}},"17":{"start":{"line":31,"column":6},"end":{"line":31,"column":47}},"18":{"start":{"line":34,"column":4},"end":{"line":34,"column":56}},"19":{"start":{"line":35,"column":4},"end":{"line":35,"column":62}},"20":{"start":{"line":38,"column":2},"end":{"line":39,"column":81}},"21":{"start":{"line":39,"column":4},"end":{"line":39,"column":81}},"22":{"start":{"line":42,"column":2},"end":{"line":47,"column":3}},"23":{"start":{"line":43,"column":4},"end":{"line":43,"column":99}},"24":{"start":{"line":45,"column":4},"end":{"line":45,"column":46}},"25":{"start":{"line":46,"column":4},"end":{"line":46,"column":62}},"26":{"start":{"line":49,"column":2},"end":{"line":49,"column":79}},"27":{"start":{"line":53,"column":25},"end":{"line":93,"column":1}},"28":{"start":{"line":54,"column":33},"end":{"line":54,"column":41}},"29":{"start":{"line":56,"column":20},"end":{"line":56,"column":42}},"30":{"start":{"line":57,"column":20},"end":{"line":57,"column":42}},"31":{"start":{"line":58,"column":20},"end":{"line":58,"column":42}},"32":{"start":{"line":59,"column":21},"end":{"line":59,"column":55}},"33":{"start":{"line":61,"column":2},"end":{"line":62,"column":61}},"34":{"start":{"line":62,"column":4},"end":{"line":62,"column":61}},"35":{"start":{"line":64,"column":2},"end":{"line":67,"column":3}},"36":{"start":{"line":65,"column":4},"end":{"line":65,"column":43}},"37":{"start":{"line":66,"column":4},"end":{"line":66,"column":84}},"38":{"start":{"line":69,"column":24},"end":{"line":69,"column":29}},"39":{"start":{"line":70,"column":2},"end":{"line":79,"column":3}},"40":{"start":{"line":71,"column":4},"end":{"line":75,"column":5}},"41":{"start":{"line":72,"column":6},"end":{"line":72,"column":66}},"42":{"start":{"line":74,"column":6},"end":{"line":74,"column":47}},"43":{"start":{"line":77,"column":4},"end":{"line":77,"column":56}},"44":{"start":{"line":78,"column":4},"end":{"line":78,"column":62}},"45":{"start":{"line":81,"column":2},"end":{"line":82,"column":81}},"46":{"start":{"line":82,"column":4},"end":{"line":82,"column":81}},"47":{"start":{"line":85,"column":2},"end":{"line":90,"column":3}},"48":{"start":{"line":86,"column":4},"end":{"line":86,"column":99}},"49":{"start":{"line":88,"column":4},"end":{"line":88,"column":46}},"50":{"start":{"line":89,"column":4},"end":{"line":89,"column":62}},"51":{"start":{"line":92,"column":2},"end":{"line":92,"column":38}}},"fnMap":{"0":{"name":"(anonymous_0)","decl":{"start":{"line":4,"column":21},"end":{"line":4,"column":22}},"loc":{"start":{"line":4,"column":41},"end":{"line":50,"column":1}},"line":4},"1":{"name":"(anonymous_1)","decl":{"start":{"line":53,"column":25},"end":{"line":53,"column":26}},"loc":{"start":{"line":53,"column":45},"end":{"line":93,"column":1}},"line":53}},"branchMap":{"0":{"loc":{"start":{"line":10,"column":21},"end":{"line":10,"column":55}},"type":"binary-expr","locations":[{"start":{"line":10,"column":21},"end":{"line":10,"column":47}},{"start":{"line":10,"column":51},"end":{"line":10,"column":55}}],"line":10},"1":{"loc":{"start":{"line":12,"column":2},"end":{"line":13,"column":61}},"type":"if","locations":[{"start":{"line":12,"column":2},"end":{"line":13,"column":61}},{"start":{},"end":{}}],"line":12},"2":{"loc":{"start":{"line":12,"column":6},"end":{"line":12,"column":28}},"type":"binary-expr","locations":[{"start":{"line":12,"column":6},"end":{"line":12,"column":15}},{"start":{"line":12,"column":19},"end":{"line":12,"column":28}}],"line":12},"3":{"loc":{"start":{"line":15,"column":2},"end":{"line":18,"column":3}},"type":"if","locations":[{"start":{"line":15,"column":2},"end":{"line":18,"column":3}},{"start":{},"end":{}}],"line":15},"4":{"loc":{"start":{"line":15,"column":6},"end":{"line":15,"column":44}},"type":"binary-expr","locations":[{"start":{"line":15,"column":6},"end":{"line":15,"column":16}},{"start":{"line":15,"column":20},"end":{"line":15,"column":30}},{"start":{"line":15,"column":34},"end":{"line":15,"column":44}}],"line":15},"5":{"loc":{"start":{"line":21,"column":2},"end":{"line":22,"column":81}},"type":"if","locations":[{"start":{"line":21,"column":2},"end":{"line":22,"column":81}},{"start":{},"end":{}}],"line":21},"6":{"loc":{"start":{"line":27,"column":4},"end":{"line":32,"column":5}},"type":"if","locations":[{"start":{"line":27,"column":4},"end":{"line":32,"column":5}},{"start":{"line":29,"column":11},"end":{"line":32,"column":5}}],"line":27},"7":{"loc":{"start":{"line":27,"column":8},"end":{"line":27,"column":67}},"type":"binary-expr","locations":[{"start":{"line":27,"column":8},"end":{"line":27,"column":37}},{"start":{"line":27,"column":41},"end":{"line":27,"column":67}}],"line":27},"8":{"loc":{"start":{"line":38,"column":2},"end":{"line":39,"column":81}},"type":"if","locations":[{"start":{"line":38,"column":2},"end":{"line":39,"column":81}},{"start":{},"end":{}}],"line":38},"9":{"loc":{"start":{"line":59,"column":21},"end":{"line":59,"column":55}},"type":"binary-expr","locations":[{"start":{"line":59,"column":21},"end":{"line":59,"column":47}},{"start":{"line":59,"column":51},"end":{"line":59,"column":55}}],"line":59},"10":{"loc":{"start":{"line":61,"column":2},"end":{"line":62,"column":61}},"type":"if","locations":[{"start":{"line":61,"column":2},"end":{"line":62,"column":61}},{"start":{},"end":{}}],"line":61},"11":{"loc":{"start":{"line":61,"column":6},"end":{"line":61,"column":28}},"type":"binary-expr","locations":[{"start":{"line":61,"column":6},"end":{"line":61,"column":15}},{"start":{"line":61,"column":19},"end":{"line":61,"column":28}}],"line":61},"12":{"loc":{"start":{"line":64,"column":2},"end":{"line":67,"column":3}},"type":"if","locations":[{"start":{"line":64,"column":2},"end":{"line":67,"column":3}},{"start":{},"end":{}}],"line":64},"13":{"loc":{"start":{"line":64,"column":6},"end":{"line":64,"column":44}},"type":"binary-expr","locations":[{"start":{"line":64,"column":6},"end":{"line":64,"column":16}},{"start":{"line":64,"column":20},"end":{"line":64,"column":30}},{"start":{"line":64,"column":34},"end":{"line":64,"column":44}}],"line":64},"14":{"loc":{"start":{"line":71,"column":4},"end":{"line":75,"column":5}},"type":"if","locations":[{"start":{"line":71,"column":4},"end":{"line":75,"column":5}},{"start":{"line":73,"column":11},"end":{"line":75,"column":5}}],"line":71},"15":{"loc":{"start":{"line":71,"column":8},"end":{"line":71,"column":67}},"type":"binary-expr","locations":[{"start":{"line":71,"column":8},"end":{"line":71,"column":37}},{"start":{"line":71,"column":41},"end":{"line":71,"column":67}}],"line":71},"16":{"loc":{"start":{"line":81,"column":2},"end":{"line":82,"column":81}},"type":"if","locations":[{"start":{"line":81,"column":2},"end":{"line":82,"column":81}},{"start":{},"end":{}}],"line":81}},"s":{"0":1,"1":5,"2":5,"3":5,"4":5,"5":5,"6":5,"7":1,"8":4,"9":1,"10":1,"11":3,"12":0,"13":3,"14":3,"15":3,"16":2,"17":1,"18":1,"19":1,"20":2,"21":0,"22":2,"23":2,"24":1,"25":1,"26":1,"27":1,"28":1,"29":1,"30":1,"31":1,"32":1,"33":1,"34":0,"35":1,"36":0,"37":0,"38":1,"39":1,"40":1,"41":0,"42":1,"43":0,"44":0,"45":1,"46":0,"47":1,"48":1,"49":0,"50":0,"51":1},"f":{"0":5,"1":1},"b":{"0":[5,5],"1":[1,4],"2":[5,4],"3":[1,3],"4":[4,3,3],"5":[0,3],"6":[2,1],"7":[3,3],"8":[0,2],"9":[1,1],"10":[0,1],"11":[1,1],"12":[0,1],"13":[1,1,1],"14":[0,1],"15":[1,1],"16":[0,1]},"_coverageSchema":"1a1c01bbd47fc00a2c39e90264f33305004495a9","hash":"14de4288b5a54848aac365e16424c4d842db486b"}
,"C:\\Proyectos\\Repos\\VMRC-DWES\\t1\\ej22-api-files\\ejercicios\\trabajoextra\\src\\middlewares\\errorHandler.js": {"path":"C:\\Proyectos\\Repos\\VMRC-DWES\\t1\\ej22-api-files\\ejercicios\\trabajoextra\\src\\middlewares\\errorHandler.js","statementMap":{"0":{"start":{"line":6,"column":4},"end":{"line":6,"column":70}},"1":{"start":{"line":9,"column":4},"end":{"line":11,"column":7}}},"fnMap":{"0":{"name":"errorHandler","decl":{"start":{"line":4,"column":24},"end":{"line":4,"column":36}},"loc":{"start":{"line":4,"column":58},"end":{"line":12,"column":1}},"line":4}},"branchMap":{"0":{"loc":{"start":{"line":9,"column":15},"end":{"line":9,"column":32}},"type":"binary-expr","locations":[{"start":{"line":9,"column":15},"end":{"line":9,"column":25}},{"start":{"line":9,"column":29},"end":{"line":9,"column":32}}],"line":9},"1":{"loc":{"start":{"line":10,"column":15},"end":{"line":10,"column":58}},"type":"binary-expr","locations":[{"start":{"line":10,"column":15},"end":{"line":10,"column":26}},{"start":{"line":10,"column":30},"end":{"line":10,"column":58}}],"line":10}},"s":{"0":1,"1":1},"f":{"0":1},"b":{"0":[1,0],"1":[1,0]},"_coverageSchema":"1a1c01bbd47fc00a2c39e90264f33305004495a9","hash":"720a6f9e50443915557ce19f8c0678cd4c5fd2f1"}
,"C:\\Proyectos\\Repos\\VMRC-DWES\\t1\\ej22-api-files\\ejercicios\\trabajoextra\\src\\services\\notas.service.js": {"path":"C:\\Proyectos\\Repos\\VMRC-DWES\\t1\\ej22-api-files\\ejercicios\\trabajoextra\\src\\services\\notas.service.js","statementMap":{"0":{"start":{"line":4,"column":25},"end":{"line":4,"column":73}},"1":{"start":{"line":6,"column":18},"end":{"line":12,"column":1}},"2":{"start":{"line":7,"column":4},"end":{"line":7,"column":75}},"3":{"start":{"line":7,"column":63},"end":{"line":7,"column":75}},"4":{"start":{"line":8,"column":20},"end":{"line":8,"column":33}},"5":{"start":{"line":9,"column":4},"end":{"line":9,"column":47}},"6":{"start":{"line":9,"column":32},"end":{"line":9,"column":47}},"7":{"start":{"line":10,"column":19},"end":{"line":10,"column":36}},"8":{"start":{"line":11,"column":4},"end":{"line":11,"column":48}},"9":{"start":{"line":14,"column":20},"end":{"line":18,"column":1}},"10":{"start":{"line":15,"column":4},"end":{"line":15,"column":35}},"11":{"start":{"line":15,"column":19},"end":{"line":15,"column":35}},"12":{"start":{"line":16,"column":15},"end":{"line":16,"column":34}},"13":{"start":{"line":17,"column":4},"end":{"line":17,"column":26}},"14":{"start":{"line":20,"column":17},"end":{"line":20,"column":87}},"15":{"start":{"line":20,"column":28},"end":{"line":20,"column":86}},"16":{"start":{"line":23,"column":18},"end":{"line":23,"column":31}},"17":{"start":{"line":25,"column":4},"end":{"line":25,"column":68}},"18":{"start":{"line":25,"column":55},"end":{"line":25,"column":68}},"19":{"start":{"line":28,"column":16},"end":{"line":33,"column":6}},"20":{"start":{"line":29,"column":8},"end":{"line":31,"column":9}},"21":{"start":{"line":30,"column":12},"end":{"line":30,"column":112}},"22":{"start":{"line":32,"column":8},"end":{"line":32,"column":24}},"23":{"start":{"line":46,"column":8},"end":{"line":46,"column":15}},"24":{"start":{"line":49,"column":4},"end":{"line":52,"column":5}},"25":{"start":{"line":50,"column":18},"end":{"line":50,"column":51}},"26":{"start":{"line":51,"column":8},"end":{"line":51,"column":78}},"27":{"start":{"line":51,"column":34},"end":{"line":51,"column":76}},"28":{"start":{"line":54,"column":4},"end":{"line":57,"column":5}},"29":{"start":{"line":55,"column":18},"end":{"line":55,"column":53}},"30":{"start":{"line":56,"column":8},"end":{"line":56,"column":81}},"31":{"start":{"line":56,"column":34},"end":{"line":56,"column":79}},"32":{"start":{"line":59,"column":4},"end":{"line":62,"column":5}},"33":{"start":{"line":60,"column":23},"end":{"line":60,"column":40}},"34":{"start":{"line":61,"column":8},"end":{"line":61,"column":78}},"35":{"start":{"line":61,"column":34},"end":{"line":61,"column":76}},"36":{"start":{"line":65,"column":19},"end":{"line":65,"column":38}},"37":{"start":{"line":66,"column":17},"end":{"line":66,"column":34}},"38":{"start":{"line":68,"column":4},"end":{"line":83,"column":5}},"39":{"start":{"line":69,"column":8},"end":{"line":82,"column":11}},"40":{"start":{"line":70,"column":30},"end":{"line":70,"column":91}},"41":{"start":{"line":71,"column":30},"end":{"line":71,"column":65}},"42":{"start":{"line":73,"column":31},"end":{"line":73,"column":69}},"43":{"start":{"line":74,"column":12},"end":{"line":74,"column":49}},"44":{"start":{"line":74,"column":36},"end":{"line":74,"column":49}},"45":{"start":{"line":76,"column":32},"end":{"line":80,"column":14}},"46":{"start":{"line":77,"column":16},"end":{"line":77,"column":65}},"47":{"start":{"line":77,"column":52},"end":{"line":77,"column":65}},"48":{"start":{"line":78,"column":16},"end":{"line":78,"column":61}},"49":{"start":{"line":78,"column":48},"end":{"line":78,"column":61}},"50":{"start":{"line":79,"column":16},"end":{"line":79,"column":28}},"51":{"start":{"line":81,"column":12},"end":{"line":81,"column":31}},"52":{"start":{"line":86,"column":4},"end":{"line":102,"column":5}},"53":{"start":{"line":87,"column":20},"end":{"line":87,"column":67}},"54":{"start":{"line":88,"column":20},"end":{"line":88,"column":48}},"55":{"start":{"line":89,"column":25},"end":{"line":89,"column":29}},"56":{"start":{"line":91,"column":8},"end":{"line":99,"column":9}},"57":{"start":{"line":92,"column":12},"end":{"line":92,"column":169}},"58":{"start":{"line":92,"column":35},"end":{"line":92,"column":168}},"59":{"start":{"line":93,"column":15},"end":{"line":99,"column":9}},"60":{"start":{"line":94,"column":12},"end":{"line":94,"column":153}},"61":{"start":{"line":94,"column":35},"end":{"line":94,"column":152}},"62":{"start":{"line":95,"column":15},"end":{"line":99,"column":9}},"63":{"start":{"line":96,"column":12},"end":{"line":96,"column":88}},"64":{"start":{"line":96,"column":35},"end":{"line":96,"column":87}},"65":{"start":{"line":97,"column":15},"end":{"line":99,"column":9}},"66":{"start":{"line":98,"column":12},"end":{"line":98,"column":69}},"67":{"start":{"line":98,"column":35},"end":{"line":98,"column":68}},"68":{"start":{"line":101,"column":8},"end":{"line":101,"column":63}},"69":{"start":{"line":101,"column":24},"end":{"line":101,"column":63}},"70":{"start":{"line":101,"column":45},"end":{"line":101,"column":61}},"71":{"start":{"line":105,"column":14},"end":{"line":105,"column":50}},"72":{"start":{"line":106,"column":15},"end":{"line":106,"column":69}},"73":{"start":{"line":107,"column":23},"end":{"line":107,"column":35}},"74":{"start":{"line":108,"column":23},"end":{"line":108,"column":72}},"75":{"start":{"line":109,"column":18},"end":{"line":109,"column":30}},"76":{"start":{"line":110,"column":18},"end":{"line":110,"column":48}},"77":{"start":{"line":112,"column":4},"end":{"line":118,"column":6}},"78":{"start":{"line":122,"column":18},"end":{"line":122,"column":31}},"79":{"start":{"line":123,"column":4},"end":{"line":123,"column":39}},"80":{"start":{"line":123,"column":27},"end":{"line":123,"column":37}},"81":{"start":{"line":127,"column":18},"end":{"line":127,"column":31}},"82":{"start":{"line":128,"column":16},"end":{"line":128,"column":26}},"83":{"start":{"line":129,"column":18},"end":{"line":129,"column":70}},"84":{"start":{"line":130,"column":4},"end":{"line":130,"column":22}},"85":{"start":{"line":131,"column":4},"end":{"line":131,"column":24}},"86":{"start":{"line":132,"column":4},"end":{"line":132,"column":17}},"87":{"start":{"line":136,"column":18},"end":{"line":136,"column":31}},"88":{"start":{"line":137,"column":18},"end":{"line":137,"column":50}},"89":{"start":{"line":137,"column":39},"end":{"line":137,"column":49}},"90":{"start":{"line":138,"column":4},"end":{"line":138,"column":34}},"91":{"start":{"line":138,"column":22},"end":{"line":138,"column":34}},"92":{"start":{"line":139,"column":16},"end":{"line":139,"column":26}},"93":{"start":{"line":140,"column":4},"end":{"line":140,"column":64}},"94":{"start":{"line":141,"column":4},"end":{"line":141,"column":24}},"95":{"start":{"line":142,"column":4},"end":{"line":142,"column":24}},"96":{"start":{"line":146,"column":18},"end":{"line":146,"column":31}},"97":{"start":{"line":147,"column":19},"end":{"line":147,"column":48}},"98":{"start":{"line":147,"column":37},"end":{"line":147,"column":47}},"99":{"start":{"line":148,"column":4},"end":{"line":148,"column":53}},"100":{"start":{"line":148,"column":40},"end":{"line":148,"column":53}},"101":{"start":{"line":150,"column":4},"end":{"line":150,"column":25}},"102":{"start":{"line":151,"column":4},"end":{"line":151,"column":16}}},"fnMap":{"0":{"name":"(anonymous_0)","decl":{"start":{"line":6,"column":18},"end":{"line":6,"column":19}},"loc":{"start":{"line":6,"column":29},"end":{"line":12,"column":1}},"line":6},"1":{"name":"(anonymous_1)","decl":{"start":{"line":14,"column":20},"end":{"line":14,"column":21}},"loc":{"start":{"line":14,"column":48},"end":{"line":18,"column":1}},"line":14},"2":{"name":"(anonymous_2)","decl":{"start":{"line":20,"column":17},"end":{"line":20,"column":18}},"loc":{"start":{"line":20,"column":28},"end":{"line":20,"column":86}},"line":20},"3":{"name":"getAll","decl":{"start":{"line":22,"column":16},"end":{"line":22,"column":22}},"loc":{"start":{"line":22,"column":32},"end":{"line":119,"column":1}},"line":22},"4":{"name":"(anonymous_4)","decl":{"start":{"line":28,"column":26},"end":{"line":28,"column":27}},"loc":{"start":{"line":28,"column":38},"end":{"line":33,"column":5}},"line":28},"5":{"name":"(anonymous_5)","decl":{"start":{"line":51,"column":29},"end":{"line":51,"column":30}},"loc":{"start":{"line":51,"column":34},"end":{"line":51,"column":76}},"line":51},"6":{"name":"(anonymous_6)","decl":{"start":{"line":56,"column":29},"end":{"line":56,"column":30}},"loc":{"start":{"line":56,"column":34},"end":{"line":56,"column":79}},"line":56},"7":{"name":"(anonymous_7)","decl":{"start":{"line":61,"column":29},"end":{"line":61,"column":30}},"loc":{"start":{"line":61,"column":34},"end":{"line":61,"column":76}},"line":61},"8":{"name":"(anonymous_8)","decl":{"start":{"line":69,"column":29},"end":{"line":69,"column":30}},"loc":{"start":{"line":69,"column":34},"end":{"line":82,"column":9}},"line":69},"9":{"name":"(anonymous_9)","decl":{"start":{"line":76,"column":48},"end":{"line":76,"column":49}},"loc":{"start":{"line":76,"column":54},"end":{"line":80,"column":13}},"line":76},"10":{"name":"(anonymous_10)","decl":{"start":{"line":92,"column":25},"end":{"line":92,"column":26}},"loc":{"start":{"line":92,"column":35},"end":{"line":92,"column":168}},"line":92},"11":{"name":"(anonymous_11)","decl":{"start":{"line":94,"column":25},"end":{"line":94,"column":26}},"loc":{"start":{"line":94,"column":35},"end":{"line":94,"column":152}},"line":94},"12":{"name":"(anonymous_12)","decl":{"start":{"line":96,"column":25},"end":{"line":96,"column":26}},"loc":{"start":{"line":96,"column":35},"end":{"line":96,"column":87}},"line":96},"13":{"name":"(anonymous_13)","decl":{"start":{"line":98,"column":25},"end":{"line":98,"column":26}},"loc":{"start":{"line":98,"column":35},"end":{"line":98,"column":68}},"line":98},"14":{"name":"(anonymous_14)","decl":{"start":{"line":101,"column":35},"end":{"line":101,"column":36}},"loc":{"start":{"line":101,"column":45},"end":{"line":101,"column":61}},"line":101},"15":{"name":"getById","decl":{"start":{"line":121,"column":16},"end":{"line":121,"column":23}},"loc":{"start":{"line":121,"column":28},"end":{"line":124,"column":1}},"line":121},"16":{"name":"(anonymous_16)","decl":{"start":{"line":123,"column":22},"end":{"line":123,"column":23}},"loc":{"start":{"line":123,"column":27},"end":{"line":123,"column":37}},"line":123},"17":{"name":"create","decl":{"start":{"line":126,"column":16},"end":{"line":126,"column":22}},"loc":{"start":{"line":126,"column":29},"end":{"line":133,"column":1}},"line":126},"18":{"name":"update","decl":{"start":{"line":135,"column":16},"end":{"line":135,"column":22}},"loc":{"start":{"line":135,"column":33},"end":{"line":143,"column":1}},"line":135},"19":{"name":"(anonymous_19)","decl":{"start":{"line":137,"column":34},"end":{"line":137,"column":35}},"loc":{"start":{"line":137,"column":39},"end":{"line":137,"column":49}},"line":137},"20":{"name":"remove","decl":{"start":{"line":145,"column":16},"end":{"line":145,"column":22}},"loc":{"start":{"line":145,"column":27},"end":{"line":152,"column":1}},"line":145},"21":{"name":"(anonymous_21)","decl":{"start":{"line":147,"column":32},"end":{"line":147,"column":33}},"loc":{"start":{"line":147,"column":37},"end":{"line":147,"column":47}},"line":147}},"branchMap":{"0":{"loc":{"start":{"line":4,"column":25},"end":{"line":4,"column":73}},"type":"binary-expr","locations":[{"start":{"line":4,"column":25},"end":{"line":4,"column":67}},{"start":{"line":4,"column":71},"end":{"line":4,"column":73}}],"line":4},"1":{"loc":{"start":{"line":7,"column":4},"end":{"line":7,"column":75}},"type":"if","locations":[{"start":{"line":7,"column":4},"end":{"line":7,"column":75}},{"start":{},"end":{}}],"line":7},"2":{"loc":{"start":{"line":7,"column":8},"end":{"line":7,"column":61}},"type":"binary-expr","locations":[{"start":{"line":7,"column":8},"end":{"line":7,"column":27}},{"start":{"line":7,"column":31},"end":{"line":7,"column":45}},{"start":{"line":7,"column":49},"end":{"line":7,"column":61}}],"line":7},"3":{"loc":{"start":{"line":9,"column":4},"end":{"line":9,"column":47}},"type":"if","locations":[{"start":{"line":9,"column":4},"end":{"line":9,"column":47}},{"start":{},"end":{}}],"line":9},"4":{"loc":{"start":{"line":11,"column":11},"end":{"line":11,"column":47}},"type":"cond-expr","locations":[{"start":{"line":11,"column":34},"end":{"line":11,"column":38}},{"start":{"line":11,"column":41},"end":{"line":11,"column":47}}],"line":11},"5":{"loc":{"start":{"line":14,"column":31},"end":{"line":14,"column":43}},"type":"default-arg","locations":[{"start":{"line":14,"column":42},"end":{"line":14,"column":43}}],"line":14},"6":{"loc":{"start":{"line":15,"column":4},"end":{"line":15,"column":35}},"type":"if","locations":[{"start":{"line":15,"column":4},"end":{"line":15,"column":35}},{"start":{},"end":{}}],"line":15},"7":{"loc":{"start":{"line":17,"column":11},"end":{"line":17,"column":25}},"type":"binary-expr","locations":[{"start":{"line":17,"column":11},"end":{"line":17,"column":13}},{"start":{"line":17,"column":17},"end":{"line":17,"column":25}}],"line":17},"8":{"loc":{"start":{"line":20,"column":29},"end":{"line":20,"column":46}},"type":"binary-expr","locations":[{"start":{"line":20,"column":29},"end":{"line":20,"column":40}},{"start":{"line":20,"column":44},"end":{"line":20,"column":46}}],"line":20},"9":{"loc":{"start":{"line":20,"column":58},"end":{"line":20,"column":78}},"type":"binary-expr","locations":[{"start":{"line":20,"column":58},"end":{"line":20,"column":72}},{"start":{"line":20,"column":76},"end":{"line":20,"column":78}}],"line":20},"10":{"loc":{"start":{"line":25,"column":4},"end":{"line":25,"column":68}},"type":"if","locations":[{"start":{"line":25,"column":4},"end":{"line":25,"column":68}},{"start":{},"end":{}}],"line":25},"11":{"loc":{"start":{"line":25,"column":8},"end":{"line":25,"column":53}},"type":"binary-expr","locations":[{"start":{"line":25,"column":8},"end":{"line":25,"column":16}},{"start":{"line":25,"column":20},"end":{"line":25,"column":53}}],"line":25},"12":{"loc":{"start":{"line":29,"column":8},"end":{"line":31,"column":9}},"type":"if","locations":[{"start":{"line":29,"column":8},"end":{"line":31,"column":9}},{"start":{},"end":{}}],"line":29},"13":{"loc":{"start":{"line":43,"column":8},"end":{"line":43,"column":21}},"type":"default-arg","locations":[{"start":{"line":43,"column":16},"end":{"line":43,"column":21}}],"line":43},"14":{"loc":{"start":{"line":44,"column":8},"end":{"line":44,"column":16}},"type":"default-arg","locations":[{"start":{"line":44,"column":15},"end":{"line":44,"column":16}}],"line":44},"15":{"loc":{"start":{"line":45,"column":8},"end":{"line":45,"column":34}},"type":"default-arg","locations":[{"start":{"line":45,"column":18},"end":{"line":45,"column":34}}],"line":45},"16":{"loc":{"start":{"line":49,"column":4},"end":{"line":52,"column":5}},"type":"if","locations":[{"start":{"line":49,"column":4},"end":{"line":52,"column":5}},{"start":{},"end":{}}],"line":49},"17":{"loc":{"start":{"line":51,"column":35},"end":{"line":51,"column":49}},"type":"binary-expr","locations":[{"start":{"line":51,"column":35},"end":{"line":51,"column":43}},{"start":{"line":51,"column":47},"end":{"line":51,"column":49}}],"line":51},"18":{"loc":{"start":{"line":54,"column":4},"end":{"line":57,"column":5}},"type":"if","locations":[{"start":{"line":54,"column":4},"end":{"line":57,"column":5}},{"start":{},"end":{}}],"line":54},"19":{"loc":{"start":{"line":56,"column":35},"end":{"line":56,"column":52}},"type":"binary-expr","locations":[{"start":{"line":56,"column":35},"end":{"line":56,"column":46}},{"start":{"line":56,"column":50},"end":{"line":56,"column":52}}],"line":56},"20":{"loc":{"start":{"line":59,"column":4},"end":{"line":62,"column":5}},"type":"if","locations":[{"start":{"line":59,"column":4},"end":{"line":62,"column":5}},{"start":{},"end":{}}],"line":59},"21":{"loc":{"start":{"line":59,"column":8},"end":{"line":59,"column":25}},"type":"binary-expr","locations":[{"start":{"line":59,"column":8},"end":{"line":59,"column":16}},{"start":{"line":59,"column":20},"end":{"line":59,"column":25}}],"line":59},"22":{"loc":{"start":{"line":60,"column":23},"end":{"line":60,"column":40}},"type":"binary-expr","locations":[{"start":{"line":60,"column":23},"end":{"line":60,"column":31}},{"start":{"line":60,"column":35},"end":{"line":60,"column":40}}],"line":60},"23":{"loc":{"start":{"line":61,"column":34},"end":{"line":61,"column":76}},"type":"binary-expr","locations":[{"start":{"line":61,"column":34},"end":{"line":61,"column":55}},{"start":{"line":61,"column":59},"end":{"line":61,"column":76}}],"line":61},"24":{"loc":{"start":{"line":68,"column":4},"end":{"line":83,"column":5}},"type":"if","locations":[{"start":{"line":68,"column":4},"end":{"line":83,"column":5}},{"start":{},"end":{}}],"line":68},"25":{"loc":{"start":{"line":68,"column":8},"end":{"line":68,"column":40}},"type":"binary-expr","locations":[{"start":{"line":68,"column":8},"end":{"line":68,"column":23}},{"start":{"line":68,"column":27},"end":{"line":68,"column":40}}],"line":68},"26":{"loc":{"start":{"line":70,"column":55},"end":{"line":70,"column":90}},"type":"cond-expr","locations":[{"start":{"line":70,"column":82},"end":{"line":70,"column":86}},{"start":{"line":70,"column":89},"end":{"line":70,"column":90}}],"line":70},"27":{"loc":{"start":{"line":74,"column":12},"end":{"line":74,"column":49}},"type":"if","locations":[{"start":{"line":74,"column":12},"end":{"line":74,"column":49}},{"start":{},"end":{}}],"line":74},"28":{"loc":{"start":{"line":77,"column":16},"end":{"line":77,"column":65}},"type":"if","locations":[{"start":{"line":77,"column":16},"end":{"line":77,"column":65}},{"start":{},"end":{}}],"line":77},"29":{"loc":{"start":{"line":77,"column":20},"end":{"line":77,"column":50}},"type":"binary-expr","locations":[{"start":{"line":77,"column":20},"end":{"line":77,"column":35}},{"start":{"line":77,"column":39},"end":{"line":77,"column":50}}],"line":77},"30":{"loc":{"start":{"line":78,"column":16},"end":{"line":78,"column":61}},"type":"if","locations":[{"start":{"line":78,"column":16},"end":{"line":78,"column":61}},{"start":{},"end":{}}],"line":78},"31":{"loc":{"start":{"line":78,"column":20},"end":{"line":78,"column":46}},"type":"binary-expr","locations":[{"start":{"line":78,"column":20},"end":{"line":78,"column":33}},{"start":{"line":78,"column":37},"end":{"line":78,"column":46}}],"line":78},"32":{"loc":{"start":{"line":86,"column":4},"end":{"line":102,"column":5}},"type":"if","locations":[{"start":{"line":86,"column":4},"end":{"line":102,"column":5}},{"start":{},"end":{}}],"line":86},"33":{"loc":{"start":{"line":87,"column":20},"end":{"line":87,"column":67}},"type":"cond-expr","locations":[{"start":{"line":87,"column":61},"end":{"line":87,"column":63}},{"start":{"line":87,"column":66},"end":{"line":87,"column":67}}],"line":87},"34":{"loc":{"start":{"line":91,"column":8},"end":{"line":99,"column":9}},"type":"if","locations":[{"start":{"line":91,"column":8},"end":{"line":99,"column":9}},{"start":{"line":93,"column":15},"end":{"line":99,"column":9}}],"line":91},"35":{"loc":{"start":{"line":92,"column":61},"end":{"line":92,"column":96}},"type":"cond-expr","locations":[{"start":{"line":92,"column":88},"end":{"line":92,"column":92}},{"start":{"line":92,"column":95},"end":{"line":92,"column":96}}],"line":92},"36":{"loc":{"start":{"line":92,"column":125},"end":{"line":92,"column":160}},"type":"cond-expr","locations":[{"start":{"line":92,"column":152},"end":{"line":92,"column":156}},{"start":{"line":92,"column":159},"end":{"line":92,"column":160}}],"line":92},"37":{"loc":{"start":{"line":93,"column":15},"end":{"line":99,"column":9}},"type":"if","locations":[{"start":{"line":93,"column":15},"end":{"line":99,"column":9}},{"start":{"line":95,"column":15},"end":{"line":99,"column":9}}],"line":93},"38":{"loc":{"start":{"line":95,"column":15},"end":{"line":99,"column":9}},"type":"if","locations":[{"start":{"line":95,"column":15},"end":{"line":99,"column":9}},{"start":{"line":97,"column":15},"end":{"line":99,"column":9}}],"line":95},"39":{"loc":{"start":{"line":96,"column":36},"end":{"line":96,"column":50}},"type":"binary-expr","locations":[{"start":{"line":96,"column":36},"end":{"line":96,"column":44}},{"start":{"line":96,"column":48},"end":{"line":96,"column":50}}],"line":96},"40":{"loc":{"start":{"line":96,"column":66},"end":{"line":96,"column":80}},"type":"binary-expr","locations":[{"start":{"line":96,"column":66},"end":{"line":96,"column":74}},{"start":{"line":96,"column":78},"end":{"line":96,"column":80}}],"line":96},"41":{"loc":{"start":{"line":97,"column":15},"end":{"line":99,"column":9}},"type":"if","locations":[{"start":{"line":97,"column":15},"end":{"line":99,"column":9}},{"start":{},"end":{}}],"line":97},"42":{"loc":{"start":{"line":97,"column":19},"end":{"line":97,"column":53}},"type":"binary-expr","locations":[{"start":{"line":97,"column":19},"end":{"line":97,"column":33}},{"start":{"line":97,"column":37},"end":{"line":97,"column":53}}],"line":97},"43":{"loc":{"start":{"line":101,"column":8},"end":{"line":101,"column":63}},"type":"if","locations":[{"start":{"line":101,"column":8},"end":{"line":101,"column":63}},{"start":{},"end":{}}],"line":101},"44":{"loc":{"start":{"line":105,"column":23},"end":{"line":105,"column":46}},"type":"binary-expr","locations":[{"start":{"line":105,"column":23},"end":{"line":105,"column":41}},{"start":{"line":105,"column":45},"end":{"line":105,"column":46}}],"line":105},"45":{"loc":{"start":{"line":106,"column":24},"end":{"line":106,"column":65}},"type":"binary-expr","locations":[{"start":{"line":106,"column":24},"end":{"line":106,"column":45}},{"start":{"line":106,"column":49},"end":{"line":106,"column":65}}],"line":106},"46":{"loc":{"start":{"line":108,"column":23},"end":{"line":108,"column":72}},"type":"cond-expr","locations":[{"start":{"line":108,"column":42},"end":{"line":108,"column":43}},{"start":{"line":108,"column":46},"end":{"line":108,"column":72}}],"line":108},"47":{"loc":{"start":{"line":138,"column":4},"end":{"line":138,"column":34}},"type":"if","locations":[{"start":{"line":138,"column":4},"end":{"line":138,"column":34}},{"start":{},"end":{}}],"line":138},"48":{"loc":{"start":{"line":148,"column":4},"end":{"line":148,"column":53}},"type":"if","locations":[{"start":{"line":148,"column":4},"end":{"line":148,"column":53}},{"start":{},"end":{}}],"line":148}},"s":{"0":1,"1":1,"2":65,"3":22,"4":43,"5":43,"6":43,"7":0,"8":0,"9":1,"10":50,"11":11,"12":39,"13":39,"14":1,"15":12,"16":14,"17":14,"18":1,"19":13,"20":52,"21":13,"22":39,"23":13,"24":13,"25":3,"26":3,"27":12,"28":13,"29":1,"30":1,"31":4,"32":13,"33":2,"34":2,"35":8,"36":13,"37":13,"38":13,"39":2,"40":8,"41":8,"42":8,"43":8,"44":0,"45":8,"46":15,"47":11,"48":4,"49":2,"50":2,"51":8,"52":13,"53":4,"54":4,"55":4,"56":4,"57":1,"58":5,"59":3,"60":1,"61":6,"62":2,"63":1,"64":3,"65":1,"66":1,"67":6,"68":4,"69":4,"70":20,"71":13,"72":13,"73":13,"74":13,"75":13,"76":13,"77":13,"78":3,"79":3,"80":6,"81":1,"82":1,"83":1,"84":1,"85":1,"86":1,"87":1,"88":1,"89":2,"90":1,"91":0,"92":1,"93":1,"94":1,"95":1,"96":2,"97":2,"98":7,"99":2,"100":1,"101":1,"102":1},"f":{"0":65,"1":50,"2":12,"3":14,"4":52,"5":12,"6":4,"7":8,"8":8,"9":15,"10":5,"11":6,"12":3,"13":6,"14":20,"15":3,"16":6,"17":1,"18":1,"19":2,"20":2,"21":7},"b":{"0":[1,1],"1":[22,43],"2":[65,43,43],"3":[43,0],"4":[0,0],"5":[0],"6":[11,39],"7":[39,0],"8":[12,0],"9":[12,2],"10":[1,13],"11":[14,13],"12":[13,39],"13":[9],"14":[12],"15":[12],"16":[3,10],"17":[12,0],"18":[1,12],"19":[4,1],"20":[2,11],"21":[13,12],"22":[2,1],"23":[8,6],"24":[2,11],"25":[13,11],"26":[8,0],"27":[0,8],"28":[11,4],"29":[15,15],"30":[2,2],"31":[4,4],"32":[4,9],"33":[2,2],"34":[1,3],"35":[5,0],"36":[5,0],"37":[1,2],"38":[1,1],"39":[3,0],"40":[3,0],"41":[1,0],"42":[1,0],"43":[4,0],"44":[13,0],"45":[13,0],"46":[1,12],"47":[0,1],"48":[1,1]},"_coverageSchema":"1a1c01bbd47fc00a2c39e90264f33305004495a9","hash":"9db852d975c895bc0c49e4e624b955dd5b39f110"}
,"C:\\Proyectos\\Repos\\VMRC-DWES\\t1\\ej22-api-files\\ejercicios\\trabajoextra\\src\\utils\\fileManager.js": {"path":"C:\\Proyectos\\Repos\\VMRC-DWES\\t1\\ej22-api-files\\ejercicios\\trabajoextra\\src\\utils\\fileManager.js","statementMap":{"0":{"start":{"line":3,"column":13},"end":{"line":3,"column":36}},"1":{"start":{"line":6,"column":4},"end":{"line":11,"column":5}},"2":{"start":{"line":7,"column":21},"end":{"line":7,"column":50}},"3":{"start":{"line":8,"column":8},"end":{"line":8,"column":32}},"4":{"start":{"line":10,"column":8},"end":{"line":10,"column":18}},"5":{"start":{"line":15,"column":4},"end":{"line":15,"column":59}}},"fnMap":{"0":{"name":"cargarNotas","decl":{"start":{"line":5,"column":16},"end":{"line":5,"column":27}},"loc":{"start":{"line":5,"column":30},"end":{"line":12,"column":1}},"line":5},"1":{"name":"guardarNotas","decl":{"start":{"line":14,"column":16},"end":{"line":14,"column":28}},"loc":{"start":{"line":14,"column":36},"end":{"line":16,"column":1}},"line":14}},"branchMap":{},"s":{"0":2,"1":2,"2":2,"3":1,"4":1,"5":1},"f":{"0":2,"1":1},"b":{},"_coverageSchema":"1a1c01bbd47fc00a2c39e90264f33305004495a9","hash":"aff75207144f256eebd252550a0c184bf3af61f4"}
,"C:\\Proyectos\\Repos\\VMRC-DWES\\t1\\ej22-api-files\\ejercicios\\trabajoextra\\src\\utils\\logger.js": {"path":"C:\\Proyectos\\Repos\\VMRC-DWES\\t1\\ej22-api-files\\ejercicios\\trabajoextra\\src\\utils\\logger.js","statementMap":{"0":{"start":{"line":3,"column":49},"end":{"line":3,"column":63}},"1":{"start":{"line":6,"column":17},"end":{"line":8,"column":2}},"2":{"start":{"line":7,"column":4},"end":{"line":7,"column":49}},"3":{"start":{"line":10,"column":15},"end":{"line":22,"column":2}}},"fnMap":{"0":{"name":"(anonymous_0)","decl":{"start":{"line":6,"column":24},"end":{"line":6,"column":25}},"loc":{"start":{"line":6,"column":59},"end":{"line":8,"column":1}},"line":6}},"branchMap":{},"s":{"0":1,"1":1,"2":0,"3":1},"f":{"0":0},"b":{},"_coverageSchema":"1a1c01bbd47fc00a2c39e90264f33305004495a9","hash":"6fa580b5ef0e4b1ed6c528ef0a4057ebd205deb1"}
}
