TN:
SF:src\app.js
FN:16,(anonymous_0)
FN:22,(anonymous_1)
FNF:2
FNH:1
FNDA:0,(anonymous_0)
FNDA:12,(anonymous_1)
DA:11,2
DA:14,2
DA:15,2
DA:16,2
DA:19,2
DA:20,2
DA:22,12
DA:27,2
DA:28,2
DA:29,2
DA:32,2
LF:11
LH:11
BRF:0
BRH:0
end_of_record
TN:
SF:src\controllers\auth.controller.js
FN:4,(anonymous_0)
FN:53,(anonymous_1)
FNF:2
FNH:2
FNDA:10,(anonymous_0)
FNDA:1,(anonymous_1)
DA:4,3
DA:5,10
DA:7,10
DA:8,10
DA:9,10
DA:10,10
DA:12,10
DA:13,2
DA:15,8
DA:16,1
DA:17,1
DA:21,7
DA:22,1
DA:24,6
DA:25,6
DA:27,6
DA:28,2
DA:31,4
DA:34,1
DA:35,1
DA:38,5
DA:39,1
DA:42,4
DA:43,4
DA:45,1
DA:46,1
DA:49,3
DA:53,3
DA:54,1
DA:56,1
DA:57,1
DA:58,1
DA:59,1
DA:61,1
DA:62,0
DA:64,1
DA:65,0
DA:66,0
DA:69,1
DA:70,1
DA:71,1
DA:72,0
DA:74,1
DA:77,0
DA:78,0
DA:81,1
DA:82,0
DA:85,1
DA:86,1
DA:88,0
DA:89,0
DA:92,1
LF:52
LH:43
BRDA:10,0,0,10
BRDA:10,0,1,10
BRDA:12,1,0,2
BRDA:12,1,1,8
BRDA:12,2,0,10
BRDA:12,2,1,8
BRDA:15,3,0,1
BRDA:15,3,1,7
BRDA:15,4,0,8
BRDA:15,4,1,7
BRDA:15,4,2,7
BRDA:21,5,0,1
BRDA:21,5,1,6
BRDA:27,6,0,2
BRDA:27,6,1,4
BRDA:27,7,0,6
BRDA:27,7,1,6
BRDA:38,8,0,1
BRDA:38,8,1,4
BRDA:59,9,0,1
BRDA:59,9,1,1
BRDA:61,10,0,0
BRDA:61,10,1,1
BRDA:61,11,0,1
BRDA:61,11,1,1
BRDA:64,12,0,0
BRDA:64,12,1,1
BRDA:64,13,0,1
BRDA:64,13,1,1
BRDA:64,13,2,1
BRDA:71,14,0,0
BRDA:71,14,1,1
BRDA:71,15,0,1
BRDA:71,15,1,1
BRDA:81,16,0,0
BRDA:81,16,1,1
BRF:36
BRH:32
end_of_record
TN:
SF:src\controllers\files.controller.js
FN:6,ensureDir
FN:10,listFiles
FN:14,(anonymous_2)
FN:26,uploadFiles
FN:29,(anonymous_4)
FN:37,(anonymous_5)
FN:39,downloadFile
FN:45,(anonymous_7)
FN:54,deleteFile
FNF:9
FNH:9
FNDA:5,ensureDir
FNDA:1,listFiles
FNDA:1,(anonymous_2)
FNDA:1,uploadFiles
FNDA:1,(anonymous_4)
FNDA:4,(anonymous_5)
FNDA:2,downloadFile
FNDA:1,(anonymous_7)
FNDA:2,deleteFile
DA:4,3
DA:7,5
DA:11,1
DA:12,1
DA:13,1
DA:14,1
DA:15,1
DA:16,1
DA:17,1
DA:19,1
DA:21,0
DA:22,0
DA:27,1
DA:28,1
DA:29,1
DA:30,1
DA:32,0
DA:33,0
DA:37,4
DA:40,2
DA:41,2
DA:42,2
DA:43,2
DA:44,2
DA:45,1
DA:46,1
DA:49,0
DA:50,0
DA:55,2
DA:56,2
DA:57,2
DA:58,2
DA:59,2
DA:60,1
DA:61,1
DA:63,0
DA:64,0
LF:37
LH:29
BRDA:7,0,0,2
BRDA:7,0,1,3
BRDA:28,1,0,1
BRDA:28,1,1,0
BRDA:44,2,0,1
BRDA:44,2,1,1
BRDA:46,3,0,0
BRDA:46,3,1,1
BRDA:59,4,0,1
BRDA:59,4,1,1
BRF:10
BRH:8
end_of_record
TN:
SF:src\controllers\notas.controller.js
FN:4,(anonymous_0)
FN:6,getAll
FN:28,getById
FN:34,create
FN:39,update
FN:45,remove
FN:52,importNotes
FN:80,exportNotes
FN:114,(anonymous_8)
FNF:9
FNH:8
FNDA:3,(anonymous_0)
FNDA:2,getAll
FNDA:2,getById
FNDA:1,create
FNDA:1,update
FNDA:1,remove
FNDA:1,importNotes
FNDA:2,exportNotes
FNDA:0,(anonymous_8)
DA:4,3
DA:7,2
DA:9,2
DA:11,1
DA:24,1
DA:25,1
DA:29,2
DA:30,2
DA:31,1
DA:35,1
DA:36,1
DA:40,1
DA:41,1
DA:42,1
DA:46,1
DA:47,1
DA:48,1
DA:53,1
DA:54,1
DA:56,1
DA:57,1
DA:58,3
DA:59,3
DA:60,2
DA:62,2
DA:63,2
DA:64,2
DA:67,1
DA:71,2
DA:72,2
DA:75,1
DA:76,1
DA:81,2
DA:82,2
DA:95,2
DA:97,2
DA:98,2
DA:100,2
DA:101,1
DA:102,1
DA:103,1
DA:104,1
DA:105,1
DA:106,1
DA:110,1
DA:111,1
DA:113,1
DA:114,1
DA:115,0
DA:116,0
DA:118,1
DA:120,1
DA:121,2
DA:122,2
DA:123,2
DA:126,1
LF:56
LH:54
BRDA:4,0,0,3
BRDA:4,0,1,0
BRDA:4,1,0,3
BRDA:4,1,1,0
BRDA:7,2,0,2
BRDA:7,2,1,0
BRDA:9,3,0,1
BRDA:9,3,1,1
BRDA:12,4,0,1
BRDA:12,4,1,1
BRDA:13,5,0,1
BRDA:13,5,1,1
BRDA:15,6,0,1
BRDA:15,6,1,1
BRDA:16,7,0,1
BRDA:16,7,1,1
BRDA:17,8,0,1
BRDA:17,8,1,1
BRDA:18,9,0,1
BRDA:18,9,1,0
BRDA:18,9,2,0
BRDA:21,10,0,1
BRDA:21,10,1,0
BRDA:30,11,0,1
BRDA:30,11,1,1
BRDA:41,12,0,0
BRDA:41,12,1,1
BRDA:47,13,0,0
BRDA:47,13,1,1
BRDA:53,14,0,1
BRDA:53,14,1,0
BRDA:54,15,0,0
BRDA:54,15,1,1
BRDA:58,16,0,3
BRDA:58,16,1,0
BRDA:59,17,0,1
BRDA:59,17,1,2
BRDA:60,18,0,2
BRDA:60,18,1,0
BRDA:75,19,0,0
BRDA:75,19,1,1
BRDA:81,20,0,2
BRDA:81,20,1,0
BRDA:82,21,0,2
BRDA:82,21,1,0
BRDA:83,22,0,0
BRDA:83,22,1,0
BRDA:84,23,0,0
BRDA:84,23,1,0
BRDA:86,24,0,0
BRDA:86,24,1,0
BRDA:87,25,0,0
BRDA:87,25,1,0
BRDA:88,26,0,0
BRDA:88,26,1,0
BRDA:89,27,0,0
BRDA:89,27,1,0
BRDA:89,27,2,0
BRDA:92,28,0,0
BRDA:92,28,1,0
BRDA:97,29,0,2
BRDA:97,29,1,0
BRDA:97,30,0,0
BRDA:97,30,1,0
BRDA:98,31,0,0
BRDA:98,31,1,2
BRDA:100,32,0,1
BRDA:100,32,1,1
BRDA:102,33,0,1
BRDA:102,33,1,0
BRDA:102,34,0,0
BRDA:102,34,1,0
BRDA:116,35,0,0
BRDA:116,35,1,0
BRDA:121,36,0,2
BRDA:121,36,1,0
BRDA:121,37,0,0
BRDA:121,37,1,0
BRF:78
BRH:36
end_of_record
TN:
SF:src\middlewares\auth.middleware.js
FN:3,(anonymous_0)
FN:23,(anonymous_1)
FNF:2
FNH:2
FNDA:11,(anonymous_0)
FNDA:2,(anonymous_1)
DA:3,2
DA:4,11
DA:6,11
DA:7,1
DA:9,10
DA:11,10
DA:12,1
DA:14,9
DA:15,9
DA:16,8
DA:17,8
DA:19,1
DA:23,2
DA:24,2
DA:25,1
DA:27,1
LF:16
LH:16
BRDA:6,0,0,1
BRDA:6,0,1,10
BRDA:11,1,0,1
BRDA:11,1,1,9
BRDA:24,2,0,1
BRDA:24,2,1,1
BRF:6
BRH:6
end_of_record
TN:
SF:src\middlewares\errorHandler.js
FN:4,errorHandler
FNF:1
FNH:1
FNDA:1,errorHandler
DA:6,1
DA:9,1
LF:2
LH:2
BRDA:9,0,0,1
BRDA:9,0,1,0
BRDA:10,1,0,1
BRDA:10,1,1,0
BRF:4
BRH:2
end_of_record
TN:
SF:src\routes\auth.routes.js
FNF:0
FNH:0
DA:4,2
DA:6,2
DA:7,2
LF:3
LH:3
BRF:0
BRH:0
end_of_record
TN:
SF:src\routes\files.routes.js
FN:11,(anonymous_0)
FN:12,(anonymous_1)
FNF:2
FNH:0
FNDA:0,(anonymous_0)
FNDA:0,(anonymous_1)
DA:7,2
DA:10,2
DA:11,0
DA:12,0
DA:15,2
DA:18,2
DA:21,2
DA:24,2
DA:27,2
LF:9
LH:7
BRF:0
BRH:0
end_of_record
TN:
SF:src\routes\notas.routes.js
FNF:0
FNH:0
DA:6,2
DA:8,2
DA:11,2
DA:13,2
DA:16,2
DA:19,2
DA:22,2
DA:24,2
DA:27,2
LF:9
LH:9
BRF:0
BRH:0
end_of_record
TN:
SF:src\services\notas.service.js
FN:6,(anonymous_0)
FN:14,(anonymous_1)
FN:20,(anonymous_2)
FN:22,getAll
FN:28,(anonymous_4)
FN:51,(anonymous_5)
FN:56,(anonymous_6)
FN:61,(anonymous_7)
FN:69,(anonymous_8)
FN:76,(anonymous_9)
FN:92,(anonymous_10)
FN:94,(anonymous_11)
FN:96,(anonymous_12)
FN:98,(anonymous_13)
FN:101,(anonymous_14)
FN:121,getById
FN:123,(anonymous_16)
FN:126,create
FN:135,update
FN:137,(anonymous_19)
FN:145,remove
FN:147,(anonymous_21)
FNF:22
FNH:22
FNDA:67,(anonymous_0)
FNDA:50,(anonymous_1)
FNDA:12,(anonymous_2)
FNDA:16,getAll
FNDA:67,(anonymous_4)
FNDA:27,(anonymous_5)
FNDA:4,(anonymous_6)
FNDA:8,(anonymous_7)
FNDA:8,(anonymous_8)
FNDA:15,(anonymous_9)
FNDA:5,(anonymous_10)
FNDA:6,(anonymous_11)
FNDA:17,(anonymous_12)
FNDA:6,(anonymous_13)
FNDA:34,(anonymous_14)
FNDA:5,getById
FNDA:35,(anonymous_16)
FNDA:2,create
FNDA:2,update
FNDA:17,(anonymous_19)
FNDA:3,remove
FNDA:22,(anonymous_21)
DA:4,4
DA:6,4
DA:7,67
DA:8,43
DA:9,43
DA:10,0
DA:11,0
DA:14,4
DA:15,50
DA:16,39
DA:17,39
DA:20,12
DA:23,16
DA:25,16
DA:28,14
DA:29,67
DA:30,13
DA:32,54
DA:46,14
DA:49,14
DA:50,4
DA:51,27
DA:54,14
DA:55,1
DA:56,4
DA:59,14
DA:60,2
DA:61,8
DA:65,14
DA:66,14
DA:68,14
DA:69,2
DA:70,8
DA:71,8
DA:73,8
DA:74,8
DA:76,8
DA:77,15
DA:78,4
DA:79,2
DA:81,8
DA:86,14
DA:87,5
DA:88,5
DA:89,5
DA:91,5
DA:92,5
DA:93,4
DA:94,6
DA:95,3
DA:96,17
DA:97,1
DA:98,6
DA:101,34
DA:105,14
DA:106,14
DA:107,14
DA:108,14
DA:109,14
DA:110,14
DA:112,14
DA:122,5
DA:123,35
DA:127,2
DA:128,2
DA:129,2
DA:130,2
DA:131,2
DA:132,2
DA:136,2
DA:137,17
DA:138,2
DA:139,2
DA:140,2
DA:141,2
DA:142,2
DA:146,3
DA:147,22
DA:148,3
DA:150,2
DA:151,2
LF:81
LH:79
BRDA:4,0,0,4
BRDA:4,0,1,4
BRDA:7,1,0,24
BRDA:7,1,1,43
BRDA:7,2,0,67
BRDA:7,2,1,43
BRDA:7,2,2,43
BRDA:9,3,0,43
BRDA:9,3,1,0
BRDA:11,4,0,0
BRDA:11,4,1,0
BRDA:14,5,0,0
BRDA:15,6,0,11
BRDA:15,6,1,39
BRDA:17,7,0,39
BRDA:17,7,1,0
BRDA:20,8,0,12
BRDA:20,8,1,0
BRDA:20,9,0,12
BRDA:20,9,1,2
BRDA:25,10,0,2
BRDA:25,10,1,14
BRDA:25,11,0,16
BRDA:25,11,1,14
BRDA:29,12,0,13
BRDA:29,12,1,54
BRDA:43,13,0,9
BRDA:44,14,0,12
BRDA:45,15,0,12
BRDA:49,16,0,4
BRDA:49,16,1,10
BRDA:51,17,0,27
BRDA:51,17,1,0
BRDA:54,18,0,1
BRDA:54,18,1,13
BRDA:56,19,0,4
BRDA:56,19,1,1
BRDA:59,20,0,2
BRDA:59,20,1,12
BRDA:59,21,0,14
BRDA:59,21,1,13
BRDA:60,22,0,2
BRDA:60,22,1,1
BRDA:61,23,0,8
BRDA:61,23,1,6
BRDA:68,24,0,2
BRDA:68,24,1,12
BRDA:68,25,0,14
BRDA:68,25,1,12
BRDA:70,26,0,8
BRDA:70,26,1,0
BRDA:74,27,0,0
BRDA:74,27,1,8
BRDA:77,28,0,11
BRDA:77,28,1,4
BRDA:77,29,0,15
BRDA:77,29,1,15
BRDA:78,30,0,2
BRDA:78,30,1,2
BRDA:78,31,0,4
BRDA:78,31,1,4
BRDA:86,32,0,5
BRDA:86,32,1,9
BRDA:87,33,0,2
BRDA:87,33,1,3
BRDA:91,34,0,1
BRDA:91,34,1,4
BRDA:92,35,0,5
BRDA:92,35,1,0
BRDA:92,36,0,5
BRDA:92,36,1,0
BRDA:93,37,0,1
BRDA:93,37,1,3
BRDA:95,38,0,2
BRDA:95,38,1,1
BRDA:96,39,0,17
BRDA:96,39,1,0
BRDA:96,40,0,17
BRDA:96,40,1,0
BRDA:97,41,0,1
BRDA:97,41,1,0
BRDA:97,42,0,1
BRDA:97,42,1,0
BRDA:101,43,0,5
BRDA:101,43,1,0
BRDA:105,44,0,14
BRDA:105,44,1,0
BRDA:106,45,0,14
BRDA:106,45,1,0
BRDA:108,46,0,1
BRDA:108,46,1,13
BRDA:138,47,0,0
BRDA:138,47,1,2
BRDA:148,48,0,1
BRDA:148,48,1,2
BRF:95
BRH:76
end_of_record
TN:
SF:src\utils\fileManager.js
FN:5,cargarNotas
FN:14,guardarNotas
FNF:2
FNH:2
FNDA:9,cargarNotas
FNDA:4,guardarNotas
DA:3,5
DA:6,9
DA:7,9
DA:8,8
DA:10,1
DA:15,4
LF:6
LH:6
BRF:0
BRH:0
end_of_record
TN:
SF:src\utils\logger.js
FN:6,(anonymous_0)
FNF:1
FNH:1
FNDA:12,(anonymous_0)
DA:3,3
DA:6,3
DA:7,12
DA:10,3
LF:4
LH:4
BRF:0
BRH:0
end_of_record
