TN:
SF:src\controllers\auth.controller.js
FN:4,(anonymous_0)
FN:53,(anonymous_1)
FNF:2
FNH:2
FNDA:5,(anonymous_0)
FNDA:1,(anonymous_1)
DA:4,1
DA:5,5
DA:7,5
DA:8,5
DA:9,5
DA:10,5
DA:12,5
DA:13,1
DA:15,4
DA:16,1
DA:17,1
DA:21,3
DA:22,0
DA:24,3
DA:25,3
DA:27,3
DA:28,2
DA:31,1
DA:34,1
DA:35,1
DA:38,2
DA:39,0
DA:42,2
DA:43,2
DA:45,1
DA:46,1
DA:49,1
DA:53,1
DA:54,1
DA:56,1
DA:57,1
DA:58,1
DA:59,1
DA:61,1
DA:62,0
DA:64,1
DA:65,0
DA:66,0
DA:69,1
DA:70,1
DA:71,1
DA:72,0
DA:74,1
DA:77,0
DA:78,0
DA:81,1
DA:82,0
DA:85,1
DA:86,1
DA:88,0
DA:89,0
DA:92,1
LF:52
LH:41
BRDA:10,0,0,5
BRDA:10,0,1,5
BRDA:12,1,0,1
BRDA:12,1,1,4
BRDA:12,2,0,5
BRDA:12,2,1,4
BRDA:15,3,0,1
BRDA:15,3,1,3
BRDA:15,4,0,4
BRDA:15,4,1,3
BRDA:15,4,2,3
BRDA:21,5,0,0
BRDA:21,5,1,3
BRDA:27,6,0,2
BRDA:27,6,1,1
BRDA:27,7,0,3
BRDA:27,7,1,3
BRDA:38,8,0,0
BRDA:38,8,1,2
BRDA:59,9,0,1
BRDA:59,9,1,1
BRDA:61,10,0,0
BRDA:61,10,1,1
BRDA:61,11,0,1
BRDA:61,11,1,1
BRDA:64,12,0,0
BRDA:64,12,1,1
BRDA:64,13,0,1
BRDA:64,13,1,1
BRDA:64,13,2,1
BRDA:71,14,0,0
BRDA:71,14,1,1
BRDA:71,15,0,1
BRDA:71,15,1,1
BRDA:81,16,0,0
BRDA:81,16,1,1
BRF:36
BRH:30
end_of_record
TN:
SF:src\middlewares\errorHandler.js
FN:4,errorHandler
FNF:1
FNH:1
FNDA:1,errorHandler
DA:6,1
DA:9,1
LF:2
LH:2
BRDA:9,0,0,1
BRDA:9,0,1,0
BRDA:10,1,0,1
BRDA:10,1,1,0
BRF:4
BRH:2
end_of_record
TN:
SF:src\services\notas.service.js
FN:6,(anonymous_0)
FN:14,(anonymous_1)
FN:20,(anonymous_2)
FN:22,getAll
FN:28,(anonymous_4)
FN:51,(anonymous_5)
FN:56,(anonymous_6)
FN:61,(anonymous_7)
FN:69,(anonymous_8)
FN:76,(anonymous_9)
FN:92,(anonymous_10)
FN:94,(anonymous_11)
FN:96,(anonymous_12)
FN:98,(anonymous_13)
FN:101,(anonymous_14)
FN:121,getById
FN:123,(anonymous_16)
FN:126,create
FN:135,update
FN:137,(anonymous_19)
FN:145,remove
FN:147,(anonymous_21)
FNF:22
FNH:22
FNDA:65,(anonymous_0)
FNDA:50,(anonymous_1)
FNDA:12,(anonymous_2)
FNDA:14,getAll
FNDA:52,(anonymous_4)
FNDA:12,(anonymous_5)
FNDA:4,(anonymous_6)
FNDA:8,(anonymous_7)
FNDA:8,(anonymous_8)
FNDA:15,(anonymous_9)
FNDA:5,(anonymous_10)
FNDA:6,(anonymous_11)
FNDA:3,(anonymous_12)
FNDA:6,(anonymous_13)
FNDA:20,(anonymous_14)
FNDA:3,getById
FNDA:6,(anonymous_16)
FNDA:1,create
FNDA:1,update
FNDA:2,(anonymous_19)
FNDA:2,remove
FNDA:7,(anonymous_21)
DA:4,1
DA:6,1
DA:7,65
DA:8,43
DA:9,43
DA:10,0
DA:11,0
DA:14,1
DA:15,50
DA:16,39
DA:17,39
DA:20,12
DA:23,14
DA:25,14
DA:28,13
DA:29,52
DA:30,13
DA:32,39
DA:46,13
DA:49,13
DA:50,3
DA:51,12
DA:54,13
DA:55,1
DA:56,4
DA:59,13
DA:60,2
DA:61,8
DA:65,13
DA:66,13
DA:68,13
DA:69,2
DA:70,8
DA:71,8
DA:73,8
DA:74,8
DA:76,8
DA:77,15
DA:78,4
DA:79,2
DA:81,8
DA:86,13
DA:87,4
DA:88,4
DA:89,4
DA:91,4
DA:92,5
DA:93,3
DA:94,6
DA:95,2
DA:96,3
DA:97,1
DA:98,6
DA:101,20
DA:105,13
DA:106,13
DA:107,13
DA:108,13
DA:109,13
DA:110,13
DA:112,13
DA:122,3
DA:123,6
DA:127,1
DA:128,1
DA:129,1
DA:130,1
DA:131,1
DA:132,1
DA:136,1
DA:137,2
DA:138,1
DA:139,1
DA:140,1
DA:141,1
DA:142,1
DA:146,2
DA:147,7
DA:148,2
DA:150,1
DA:151,1
LF:81
LH:79
BRDA:4,0,0,1
BRDA:4,0,1,1
BRDA:7,1,0,22
BRDA:7,1,1,43
BRDA:7,2,0,65
BRDA:7,2,1,43
BRDA:7,2,2,43
BRDA:9,3,0,43
BRDA:9,3,1,0
BRDA:11,4,0,0
BRDA:11,4,1,0
BRDA:14,5,0,0
BRDA:15,6,0,11
BRDA:15,6,1,39
BRDA:17,7,0,39
BRDA:17,7,1,0
BRDA:20,8,0,12
BRDA:20,8,1,0
BRDA:20,9,0,12
BRDA:20,9,1,2
BRDA:25,10,0,1
BRDA:25,10,1,13
BRDA:25,11,0,14
BRDA:25,11,1,13
BRDA:29,12,0,13
BRDA:29,12,1,39
BRDA:43,13,0,9
BRDA:44,14,0,12
BRDA:45,15,0,12
BRDA:49,16,0,3
BRDA:49,16,1,10
BRDA:51,17,0,12
BRDA:51,17,1,0
BRDA:54,18,0,1
BRDA:54,18,1,12
BRDA:56,19,0,4
BRDA:56,19,1,1
BRDA:59,20,0,2
BRDA:59,20,1,11
BRDA:59,21,0,13
BRDA:59,21,1,12
BRDA:60,22,0,2
BRDA:60,22,1,1
BRDA:61,23,0,8
BRDA:61,23,1,6
BRDA:68,24,0,2
BRDA:68,24,1,11
BRDA:68,25,0,13
BRDA:68,25,1,11
BRDA:70,26,0,8
BRDA:70,26,1,0
BRDA:74,27,0,0
BRDA:74,27,1,8
BRDA:77,28,0,11
BRDA:77,28,1,4
BRDA:77,29,0,15
BRDA:77,29,1,15
BRDA:78,30,0,2
BRDA:78,30,1,2
BRDA:78,31,0,4
BRDA:78,31,1,4
BRDA:86,32,0,4
BRDA:86,32,1,9
BRDA:87,33,0,2
BRDA:87,33,1,2
BRDA:91,34,0,1
BRDA:91,34,1,3
BRDA:92,35,0,5
BRDA:92,35,1,0
BRDA:92,36,0,5
BRDA:92,36,1,0
BRDA:93,37,0,1
BRDA:93,37,1,2
BRDA:95,38,0,1
BRDA:95,38,1,1
BRDA:96,39,0,3
BRDA:96,39,1,0
BRDA:96,40,0,3
BRDA:96,40,1,0
BRDA:97,41,0,1
BRDA:97,41,1,0
BRDA:97,42,0,1
BRDA:97,42,1,0
BRDA:101,43,0,4
BRDA:101,43,1,0
BRDA:105,44,0,13
BRDA:105,44,1,0
BRDA:106,45,0,13
BRDA:106,45,1,0
BRDA:108,46,0,1
BRDA:108,46,1,12
BRDA:138,47,0,0
BRDA:138,47,1,1
BRDA:148,48,0,1
BRDA:148,48,1,1
BRF:95
BRH:76
end_of_record
TN:
SF:src\utils\fileManager.js
FN:5,cargarNotas
FN:14,guardarNotas
FNF:2
FNH:2
FNDA:2,cargarNotas
FNDA:1,guardarNotas
DA:3,2
DA:6,2
DA:7,2
DA:8,1
DA:10,1
DA:15,1
LF:6
LH:6
BRF:0
BRH:0
end_of_record
TN:
SF:src\utils\logger.js
FN:6,(anonymous_0)
FNF:1
FNH:0
FNDA:0,(anonymous_0)
DA:3,1
DA:6,1
DA:7,0
DA:10,1
LF:4
LH:3
BRF:0
BRH:0
end_of_record
