TN:
SF:src\app.js
FN:13,(anonymous_0)
FNF:1
FNH:1
FNDA:6,(anonymous_0)
DA:7,1
DA:10,1
DA:11,1
DA:13,6
DA:18,1
DA:21,1
LF:6
LH:6
BRF:0
BRH:0
end_of_record
TN:
SF:src\controllers\notas.controller.js
FN:3,getAll
FN:7,getById
FN:13,create
FN:18,update
FN:24,remove
FNF:5
FNH:5
FNDA:1,getAll
FNDA:2,getById
FNDA:1,create
FNDA:1,update
FNDA:1,remove
DA:4,1
DA:8,2
DA:9,2
DA:10,1
DA:14,1
DA:15,1
DA:19,1
DA:20,1
DA:21,1
DA:25,1
DA:26,1
DA:27,1
LF:12
LH:12
BRDA:9,0,0,1
BRDA:9,0,1,1
BRDA:20,1,0,0
BRDA:20,1,1,1
BRDA:26,2,0,0
BRDA:26,2,1,1
BRF:6
BRH:4
end_of_record
TN:
SF:src\middlewares\errorHandler.js
FN:4,errorHandler
FNF:1
FNH:0
FNDA:0,errorHandler
DA:6,0
DA:9,0
LF:2
LH:0
BRDA:9,0,0,0
BRDA:9,0,1,0
BRDA:10,1,0,0
BRDA:10,1,1,0
BRF:4
BRH:0
end_of_record
TN:
SF:src\routes\notas.routes.js
FNF:0
FNH:0
DA:4,1
DA:6,1
DA:7,1
DA:8,1
DA:9,1
DA:10,1
LF:6
LH:6
BRF:0
BRH:0
end_of_record
TN:
SF:src\services\notas.service.js
FN:3,getAll
FN:7,getById
FN:9,(anonymous_2)
FN:12,create
FN:20,update
FN:22,(anonymous_5)
FN:30,remove
FN:32,(anonymous_7)
FNF:8
FNH:8
FNDA:1,getAll
FNDA:2,getById
FNDA:9,(anonymous_2)
FNDA:1,create
FNDA:1,update
FNDA:5,(anonymous_5)
FNDA:1,remove
FNDA:5,(anonymous_7)
DA:4,1
DA:8,2
DA:9,9
DA:13,1
DA:14,1
DA:15,1
DA:16,1
DA:17,1
DA:21,1
DA:22,5
DA:23,1
DA:25,1
DA:26,1
DA:27,1
DA:31,1
DA:32,5
DA:33,1
DA:35,1
DA:36,1
LF:19
LH:19
BRDA:23,0,0,0
BRDA:23,0,1,1
BRDA:33,1,0,0
BRDA:33,1,1,1
BRF:4
BRH:2
end_of_record
TN:
SF:src\utils\fileManager.js
FN:5,cargarNotas
FN:14,guardarNotas
FNF:2
FNH:2
FNDA:6,cargarNotas
FNDA:3,guardarNotas
DA:3,1
DA:6,6
DA:7,6
DA:8,6
DA:10,0
DA:15,3
LF:6
LH:5
BRF:0
BRH:0
end_of_record
TN:
SF:src\utils\logger.js
FN:6,(anonymous_0)
FNF:1
FNH:1
FNDA:6,(anonymous_0)
DA:3,1
DA:6,1
DA:7,6
DA:10,1
LF:4
LH:4
BRF:0
BRH:0
end_of_record
